number of args: 1


START ----16-4M.jpguploaded
START imagePath /Users/pro001/Desktop/dev/Learning/tests/scrapWeb/hello-world/selenium/imaging/images/----16-4M.jpguploaded
identify1: JPEG 465x300
identify2: JPEG 465x300
imageExtension: 
imageWidth: 465 imageHeight: 300
WARNING: didUpload


START ----31-5M.jpguploaded
START imagePath /Users/pro001/Desktop/dev/Learning/tests/scrapWeb/hello-world/selenium/imaging/images/----31-5M.jpguploaded
identify1: JPEG 465x300
identify2: JPEG 465x300
imageExtension: 
imageWidth: 465 imageHeight: 300
WARNING: didUpload


START ----36-2M.jpguploaded
START imagePath /Users/pro001/Desktop/dev/Learning/tests/scrapWeb/hello-world/selenium/imaging/images/----36-2M.jpguploaded
identify1: JPEG 465x300
identify2: JPEG 465x300
imageExtension: 
imageWidth: 465 imageHeight: 300
WARNING: didUpload


START ----85-2M.jpguploaded
START imagePath /Users/pro001/Desktop/dev/Learning/tests/scrapWeb/hello-world/selenium/imaging/images/----85-2M.jpguploaded
identify1: JPEG 465x300
identify2: JPEG 465x300
imageExtension: 
imageWidth: 465 imageHeight: 300
WARNING: didUpload


START ---Go-Out.jpguploaded
START imagePath /Users/pro001/Desktop/dev/Learning/tests/scrapWeb/hello-world/selenium/imaging/images/---Go-Out.jpguploaded
identify1: JPEG 465x300
identify2: JPEG 465x300
imageExtension: 
imageWidth: 465 imageHeight: 300
WARNING: didUpload


START --Jerry-s.jpguploaded
START imagePath /Users/pro001/Desktop/dev/Learning/tests/scrapWeb/hello-world/selenium/imaging/images/--Jerry-s.jpguploaded
identify1: JPEG 465x300
identify2: JPEG 465x300
imageExtension: 
imageWidth: 465 imageHeight: 300
WARNING: didUpload


START -10-Years.jpguploaded
START imagePath /Users/pro001/Desktop/dev/Learning/tests/scrapWeb/hello-world/selenium/imaging/images/-10-Years.jpguploaded
identify1: JPEG 465x300
identify2: JPEG 465x300
imageExtension: 
imageWidth: 465 imageHeight: 300
WARNING: didUpload


START -America.jpguploaded
START imagePath /Users/pro001/Desktop/dev/Learning/tests/scrapWeb/hello-world/selenium/imaging/images/-America.jpguploaded
identify1: JPEG 465x300
identify2: JPEG 465x300
imageExtension: 
imageWidth: 465 imageHeight: 300
WARNING: didUpload


START -Comeback.jpguploaded
START imagePath /Users/pro001/Desktop/dev/Learning/tests/scrapWeb/hello-world/selenium/imaging/images/-Comeback.jpguploaded
identify1: JPEG 465x300
identify2: JPEG 465x300
imageExtension: 
imageWidth: 465 imageHeight: 300
WARNING: didUpload


START -His-40th.jpguploaded
START imagePath /Users/pro001/Desktop/dev/Learning/tests/scrapWeb/hello-world/selenium/imaging/images/-His-40th.jpguploaded
identify1: JPEG 465x300
identify2: JPEG 465x300
imageExtension: 
imageWidth: 465 imageHeight: 300
WARNING: didUpload


START -Molyneux.jpguploaded
START imagePath /Users/pro001/Desktop/dev/Learning/tests/scrapWeb/hello-world/selenium/imaging/images/-Molyneux.jpguploaded
identify1: JPEG 465x300
identify2: JPEG 465x300
imageExtension: 
imageWidth: 465 imageHeight: 300
WARNING: didUpload


START -Overhead.jpguploaded
START imagePath /Users/pro001/Desktop/dev/Learning/tests/scrapWeb/hello-world/selenium/imaging/images/-Overhead.jpguploaded
identify1: JPEG 465x300
identify2: JPEG 465x300
imageExtension: 
imageWidth: 465 imageHeight: 300
WARNING: didUpload


START -Own-Life.jpguploaded
START imagePath /Users/pro001/Desktop/dev/Learning/tests/scrapWeb/hello-world/selenium/imaging/images/-Own-Life.jpguploaded
identify1: JPEG 465x300
identify2: JPEG 465x300
imageExtension: 
imageWidth: 465 imageHeight: 300
WARNING: didUpload


START -Platform.jpguploaded
START imagePath /Users/pro001/Desktop/dev/Learning/tests/scrapWeb/hello-world/selenium/imaging/images/-Platform.jpguploaded
identify1: JPEG 465x300
identify2: JPEG 465x300
imageExtension: 
imageWidth: 465 imageHeight: 300
WARNING: didUpload


START -Revealed.jpguploaded
START imagePath /Users/pro001/Desktop/dev/Learning/tests/scrapWeb/hello-world/selenium/imaging/images/-Revealed.jpguploaded
identify1: JPEG 465x300
identify2: JPEG 465x300
imageExtension: 
imageWidth: 465 imageHeight: 300
WARNING: didUpload


START -Sabrina.jpguploaded
START imagePath /Users/pro001/Desktop/dev/Learning/tests/scrapWeb/hello-world/selenium/imaging/images/-Sabrina.jpguploaded
identify1: JPEG 465x300
identify2: JPEG 465x300
imageExtension: 
imageWidth: 465 imageHeight: 300
WARNING: didUpload


START -Series-A.jpguploaded
START imagePath /Users/pro001/Desktop/dev/Learning/tests/scrapWeb/hello-world/selenium/imaging/images/-Series-A.jpguploaded
identify1: JPEG 465x300
identify2: JPEG 465x300
imageExtension: 
imageWidth: 465 imageHeight: 300
WARNING: didUpload


START -The-DUFF.jpguploaded
START imagePath /Users/pro001/Desktop/dev/Learning/tests/scrapWeb/hello-world/selenium/imaging/images/-The-DUFF.jpguploaded
identify1: JPEG 465x300
identify2: JPEG 465x300
imageExtension: 
imageWidth: 465 imageHeight: 300
WARNING: didUpload


START -Withdraw.jpguploaded
START imagePath /Users/pro001/Desktop/dev/Learning/tests/scrapWeb/hello-world/selenium/imaging/images/-Withdraw.jpguploaded
identify1: JPEG 465x300
identify2: JPEG 465x300
imageExtension: 
imageWidth: 465 imageHeight: 300
WARNING: didUpload


START -children.jpguploaded
START imagePath /Users/pro001/Desktop/dev/Learning/tests/scrapWeb/hello-world/selenium/imaging/images/-children.jpguploaded
identify1: JPEG 465x300
identify2: JPEG 465x300
imageExtension: 
imageWidth: 465 imageHeight: 300
WARNING: didUpload


START -from-Raw.jpguploaded
START imagePath /Users/pro001/Desktop/dev/Learning/tests/scrapWeb/hello-world/selenium/imaging/images/-from-Raw.jpguploaded
identify1: JPEG 465x300
identify2: JPEG 465x300
imageExtension: 
imageWidth: 465 imageHeight: 300
WARNING: didUpload


START -lawmaker.jpguploaded
START imagePath /Users/pro001/Desktop/dev/Learning/tests/scrapWeb/hello-world/selenium/imaging/images/-lawmaker.jpguploaded
identify1: JPEG 465x300
identify2: JPEG 465x300
imageExtension: 
imageWidth: 465 imageHeight: 300
WARNING: didUpload


START -us-safe.jpguploaded
START imagePath /Users/pro001/Desktop/dev/Learning/tests/scrapWeb/hello-world/selenium/imaging/images/-us-safe.jpguploaded
identify1: JPEG 465x300
identify2: JPEG 465x300
imageExtension: 
imageWidth: 465 imageHeight: 300
WARNING: didUpload


START Adventure.jpguploaded
START imagePath /Users/pro001/Desktop/dev/Learning/tests/scrapWeb/hello-world/selenium/imaging/images/Adventure.jpguploaded
identify1: JPEG 465x300
identify2: JPEG 465x300
imageExtension: 
imageWidth: 465 imageHeight: 300
WARNING: didUpload


START Critical.jpguploaded
START imagePath /Users/pro001/Desktop/dev/Learning/tests/scrapWeb/hello-world/selenium/imaging/images/Critical.jpguploaded
identify1: JPEG 465x300
identify2: JPEG 465x300
imageExtension: 
imageWidth: 465 imageHeight: 300
WARNING: didUpload


START Different.jpguploaded
START imagePath /Users/pro001/Desktop/dev/Learning/tests/scrapWeb/hello-world/selenium/imaging/images/Different.jpguploaded
identify1: JPEG 465x300
identify2: JPEG 465x300
imageExtension: 
imageWidth: 465 imageHeight: 300
WARNING: didUpload


START Dog-Shows.jpguploaded
START imagePath /Users/pro001/Desktop/dev/Learning/tests/scrapWeb/hello-world/selenium/imaging/images/Dog-Shows.jpguploaded
identify1: JPEG 465x300
identify2: JPEG 465x300
imageExtension: 
imageWidth: 465 imageHeight: 300
WARNING: didUpload


START IDS-Virus.jpguploaded
START imagePath /Users/pro001/Desktop/dev/Learning/tests/scrapWeb/hello-world/selenium/imaging/images/IDS-Virus.jpguploaded
identify1: JPEG 465x300
identify2: JPEG 465x300
imageExtension: 
imageWidth: 465 imageHeight: 300
WARNING: didUpload


START Interview.jpguploaded
START imagePath /Users/pro001/Desktop/dev/Learning/tests/scrapWeb/hello-world/selenium/imaging/images/Interview.jpguploaded
identify1: JPEG 465x300
identify2: JPEG 465x300
imageExtension: 
imageWidth: 465 imageHeight: 300
WARNING: didUpload


START It-Pizza.jpguploaded
START imagePath /Users/pro001/Desktop/dev/Learning/tests/scrapWeb/hello-world/selenium/imaging/images/It-Pizza.jpguploaded
identify1: JPEG 465x300
identify2: JPEG 465x300
imageExtension: 
imageWidth: 465 imageHeight: 300
WARNING: didUpload


START Multiples.jpguploaded
START imagePath /Users/pro001/Desktop/dev/Learning/tests/scrapWeb/hello-world/selenium/imaging/images/Multiples.jpguploaded
identify1: JPEG 465x300
identify2: JPEG 465x300
imageExtension: 
imageWidth: 465 imageHeight: 300
WARNING: didUpload


START Our-Bangs.jpguploaded
START imagePath /Users/pro001/Desktop/dev/Learning/tests/scrapWeb/hello-world/selenium/imaging/images/Our-Bangs.jpguploaded
identify1: JPEG 465x300
identify2: JPEG 465x300
imageExtension: 
imageWidth: 465 imageHeight: 300
WARNING: didUpload


START Right-Now.jpguploaded
START imagePath /Users/pro001/Desktop/dev/Learning/tests/scrapWeb/hello-world/selenium/imaging/images/Right-Now.jpguploaded
identify1: JPEG 465x300
identify2: JPEG 465x300
imageExtension: 
imageWidth: 465 imageHeight: 300
WARNING: didUpload


START SIC-VIDEO.jpguploaded
START imagePath /Users/pro001/Desktop/dev/Learning/tests/scrapWeb/hello-world/selenium/imaging/images/SIC-VIDEO.jpguploaded
identify1: JPEG 465x300
identify2: JPEG 465x300
imageExtension: 
imageWidth: 465 imageHeight: 300
WARNING: didUpload


START Spotlight.jpguploaded
START imagePath /Users/pro001/Desktop/dev/Learning/tests/scrapWeb/hello-world/selenium/imaging/images/Spotlight.jpguploaded
identify1: JPEG 465x300
identify2: JPEG 465x300
imageExtension: 
imageWidth: 465 imageHeight: 300
WARNING: didUpload


START The-Slap.jpguploaded
START imagePath /Users/pro001/Desktop/dev/Learning/tests/scrapWeb/hello-world/selenium/imaging/images/The-Slap.jpguploaded
identify1: JPEG 465x300
identify2: JPEG 465x300
imageExtension: 
imageWidth: 465 imageHeight: 300
WARNING: didUpload


START To-Church.jpguploaded
START imagePath /Users/pro001/Desktop/dev/Learning/tests/scrapWeb/hello-world/selenium/imaging/images/To-Church.jpguploaded
identify1: JPEG 465x300
identify2: JPEG 465x300
imageExtension: 
imageWidth: 465 imageHeight: 300
WARNING: didUpload


START Up-To-All.jpguploaded
START imagePath /Users/pro001/Desktop/dev/Learning/tests/scrapWeb/hello-world/selenium/imaging/images/Up-To-All.jpguploaded
identify1: JPEG 465x300
identify2: JPEG 465x300
imageExtension: 
imageWidth: 465 imageHeight: 300
WARNING: didUpload


START Vani-Hari.jpguploaded
START imagePath /Users/pro001/Desktop/dev/Learning/tests/scrapWeb/hello-world/selenium/imaging/images/Vani-Hari.jpguploaded
identify1: JPEG 465x300
identify2: JPEG 465x300
imageExtension: 
imageWidth: 465 imageHeight: 300
WARNING: didUpload


START a-holster.jpguploaded
START imagePath /Users/pro001/Desktop/dev/Learning/tests/scrapWeb/hello-world/selenium/imaging/images/a-holster.jpguploaded
identify1: JPEG 465x300
identify2: JPEG 465x300
imageExtension: 
imageWidth: 465 imageHeight: 300
WARNING: didUpload


START al-divide.jpguploaded
START imagePath /Users/pro001/Desktop/dev/Learning/tests/scrapWeb/hello-world/selenium/imaging/images/al-divide.jpguploaded
identify1: JPEG 465x300
identify2: JPEG 465x300
imageExtension: 
imageWidth: 465 imageHeight: 300
WARNING: didUpload


START an-Party.jpguploaded
START imagePath /Users/pro001/Desktop/dev/Learning/tests/scrapWeb/hello-world/selenium/imaging/images/an-Party.jpguploaded
identify1: JPEG 465x300
identify2: JPEG 465x300
imageExtension: 
imageWidth: 465 imageHeight: 300
WARNING: didUpload


START and-Width.jpguploaded
START imagePath /Users/pro001/Desktop/dev/Learning/tests/scrapWeb/hello-world/selenium/imaging/images/and-Width.jpguploaded
identify1: JPEG 465x300
identify2: JPEG 465x300
imageExtension: 
imageWidth: 465 imageHeight: 300
WARNING: didUpload


START ards-Show.jpguploaded
START imagePath /Users/pro001/Desktop/dev/Learning/tests/scrapWeb/hello-world/selenium/imaging/images/ards-Show.jpguploaded
identify1: JPEG 465x300
identify2: JPEG 465x300
imageExtension: 
imageWidth: 465 imageHeight: 300
WARNING: didUpload


START armed-man.jpguploaded
START imagePath /Users/pro001/Desktop/dev/Learning/tests/scrapWeb/hello-world/selenium/imaging/images/armed-man.jpguploaded
identify1: JPEG 465x300
identify2: JPEG 465x300
imageExtension: 
imageWidth: 465 imageHeight: 300
WARNING: didUpload


START ationwide.jpguploaded
START imagePath /Users/pro001/Desktop/dev/Learning/tests/scrapWeb/hello-world/selenium/imaging/images/ationwide.jpguploaded
identify1: JPEG 465x300
identify2: JPEG 465x300
imageExtension: 
imageWidth: 465 imageHeight: 300
WARNING: didUpload


START atisfying.jpguploaded
START imagePath /Users/pro001/Desktop/dev/Learning/tests/scrapWeb/hello-world/selenium/imaging/images/atisfying.jpguploaded
identify1: JPEG 465x300
identify2: JPEG 465x300
imageExtension: 
imageWidth: 465 imageHeight: 300
WARNING: didUpload


START ave-Music.jpguploaded
START imagePath /Users/pro001/Desktop/dev/Learning/tests/scrapWeb/hello-world/selenium/imaging/images/ave-Music.jpguploaded
identify1: JPEG 465x300
identify2: JPEG 465x300
imageExtension: 
imageWidth: 465 imageHeight: 300
WARNING: didUpload


START ay-Couple.jpguploaded
START imagePath /Users/pro001/Desktop/dev/Learning/tests/scrapWeb/hello-world/selenium/imaging/images/ay-Couple.jpguploaded
identify1: JPEG 465x300
identify2: JPEG 465x300
imageExtension: 
imageWidth: 465 imageHeight: 300
WARNING: didUpload


START ble-Clues.jpguploaded
START imagePath /Users/pro001/Desktop/dev/Learning/tests/scrapWeb/hello-world/selenium/imaging/images/ble-Clues.jpguploaded
identify1: JPEG 465x300
identify2: JPEG 465x300
imageExtension: 
imageWidth: 465 imageHeight: 300
WARNING: didUpload


START cago-fire.jpguploaded
START imagePath /Users/pro001/Desktop/dev/Learning/tests/scrapWeb/hello-world/selenium/imaging/images/cago-fire.jpguploaded
identify1: JPEG 465x300
identify2: JPEG 465x300
imageExtension: 
imageWidth: 465 imageHeight: 300
WARNING: didUpload


START ck-Mirror.jpguploaded
START imagePath /Users/pro001/Desktop/dev/Learning/tests/scrapWeb/hello-world/selenium/imaging/images/ck-Mirror.jpguploaded
identify1: JPEG 465x300
identify2: JPEG 465x300
imageExtension: 
imageWidth: 465 imageHeight: 300
WARNING: didUpload


START cking-It.jpguploaded
START imagePath /Users/pro001/Desktop/dev/Learning/tests/scrapWeb/hello-world/selenium/imaging/images/cking-It.jpguploaded
identify1: JPEG 465x300
identify2: JPEG 465x300
imageExtension: 
imageWidth: 465 imageHeight: 300
WARNING: didUpload


START continues.jpguploaded
START imagePath /Users/pro001/Desktop/dev/Learning/tests/scrapWeb/hello-world/selenium/imaging/images/continues.jpguploaded
identify1: JPEG 465x300
identify2: JPEG 465x300
imageExtension: 
imageWidth: 465 imageHeight: 300
WARNING: didUpload


START cruitment.jpguploaded
START imagePath /Users/pro001/Desktop/dev/Learning/tests/scrapWeb/hello-world/selenium/imaging/images/cruitment.jpguploaded
identify1: JPEG 465x300
identify2: JPEG 465x300
imageExtension: 
imageWidth: 465 imageHeight: 300
WARNING: didUpload


START derstorms.jpguploaded
START imagePath /Users/pro001/Desktop/dev/Learning/tests/scrapWeb/hello-world/selenium/imaging/images/derstorms.jpguploaded
identify1: JPEG 465x300
identify2: JPEG 465x300
imageExtension: 
imageWidth: 465 imageHeight: 300
WARNING: didUpload


START e-Classes.jpguploaded
START imagePath /Users/pro001/Desktop/dev/Learning/tests/scrapWeb/hello-world/selenium/imaging/images/e-Classes.jpguploaded
identify1: JPEG 465x300
identify2: JPEG 465x300
imageExtension: 
imageWidth: 465 imageHeight: 300
WARNING: didUpload


START e-Moments.jpguploaded
START imagePath /Users/pro001/Desktop/dev/Learning/tests/scrapWeb/hello-world/selenium/imaging/images/e-Moments.jpguploaded
identify1: JPEG 465x300
identify2: JPEG 465x300
imageExtension: 
imageWidth: 465 imageHeight: 300
WARNING: didUpload


START ellphones.jpguploaded
START imagePath /Users/pro001/Desktop/dev/Learning/tests/scrapWeb/hello-world/selenium/imaging/images/ellphones.jpguploaded
identify1: JPEG 465x300
identify2: JPEG 465x300
imageExtension: 
imageWidth: 465 imageHeight: 300
WARNING: didUpload


START ent-Ellen.jpguploaded
START imagePath /Users/pro001/Desktop/dev/Learning/tests/scrapWeb/hello-world/selenium/imaging/images/ent-Ellen.jpguploaded
identify1: JPEG 465x300
identify2: JPEG 465x300
imageExtension: 
imageWidth: 465 imageHeight: 300
WARNING: didUpload


START er-Future.jpguploaded
START imagePath /Users/pro001/Desktop/dev/Learning/tests/scrapWeb/hello-world/selenium/imaging/images/er-Future.jpguploaded
identify1: JPEG 465x300
identify2: JPEG 465x300
imageExtension: 
imageWidth: 465 imageHeight: 300
WARNING: didUpload


START eting-App.jpguploaded
START imagePath /Users/pro001/Desktop/dev/Learning/tests/scrapWeb/hello-world/selenium/imaging/images/eting-App.jpguploaded
identify1: JPEG 465x300
identify2: JPEG 465x300
imageExtension: 
imageWidth: 465 imageHeight: 300
WARNING: didUpload


START extremism.jpguploaded
START imagePath /Users/pro001/Desktop/dev/Learning/tests/scrapWeb/hello-world/selenium/imaging/images/extremism.jpguploaded
identify1: JPEG 465x300
identify2: JPEG 465x300
imageExtension: 
imageWidth: 465 imageHeight: 300
WARNING: didUpload


START for-Blood.jpguploaded
START imagePath /Users/pro001/Desktop/dev/Learning/tests/scrapWeb/hello-world/selenium/imaging/images/for-Blood.jpguploaded
identify1: JPEG 465x300
identify2: JPEG 465x300
imageExtension: 
imageWidth: 465 imageHeight: 300
WARNING: didUpload


START he-Marrow.jpguploaded
START imagePath /Users/pro001/Desktop/dev/Learning/tests/scrapWeb/hello-world/selenium/imaging/images/he-Marrow.jpguploaded
identify1: JPEG 465x300
identify2: JPEG 465x300
imageExtension: 
imageWidth: 465 imageHeight: 300
WARNING: didUpload


START ho-Is-He.jpguploaded
START imagePath /Users/pro001/Desktop/dev/Learning/tests/scrapWeb/hello-world/selenium/imaging/images/ho-Is-He.jpguploaded
identify1: JPEG 465x300
identify2: JPEG 465x300
imageExtension: 
imageWidth: 465 imageHeight: 300
WARNING: didUpload


START ild-Tales.jpguploaded
START imagePath /Users/pro001/Desktop/dev/Learning/tests/scrapWeb/hello-world/selenium/imaging/images/ild-Tales.jpguploaded
identify1: JPEG 465x300
identify2: JPEG 465x300
imageExtension: 
imageWidth: 465 imageHeight: 300
WARNING: didUpload


START imageProcessor.sh
START imagePath /Users/pro001/Desktop/dev/Learning/tests/scrapWeb/hello-world/selenium/imaging/images/imageProcessor.sh
identify1: 
identify2: 
imageExtension: 
imageWidth:  imageHeight: 
error imageWidth: imageHeight:


START ing-David.jpguploaded
START imagePath /Users/pro001/Desktop/dev/Learning/tests/scrapWeb/hello-world/selenium/imaging/images/ing-David.jpguploaded
identify1: JPEG 465x300
identify2: JPEG 465x300
imageExtension: 
imageWidth: 465 imageHeight: 300
WARNING: didUpload


START l-Assault.jpguploaded
START imagePath /Users/pro001/Desktop/dev/Learning/tests/scrapWeb/hello-world/selenium/imaging/images/l-Assault.jpguploaded
identify1: JPEG 465x300
identify2: JPEG 465x300
imageExtension: 
imageWidth: 465 imageHeight: 300
WARNING: didUpload


START laim-Show.jpguploaded
START imagePath /Users/pro001/Desktop/dev/Learning/tests/scrapWeb/hello-world/selenium/imaging/images/laim-Show.jpguploaded
identify1: JPEG 465x300
identify2: JPEG 465x300
imageExtension: 
imageWidth: 465 imageHeight: 300
WARNING: didUpload


START logs
START imagePath /Users/pro001/Desktop/dev/Learning/tests/scrapWeb/hello-world/selenium/imaging/images/logs
identify1: 
identify2: 
imageExtension: 
imageWidth:  imageHeight: 
error imageWidth: imageHeight:


START lout-plan.jpguploaded
START imagePath /Users/pro001/Desktop/dev/Learning/tests/scrapWeb/hello-world/selenium/imaging/images/lout-plan.jpguploaded
identify1: JPEG 465x300
identify2: JPEG 465x300
imageExtension: 
imageWidth: 465 imageHeight: 300
WARNING: didUpload


START lphia-Bar.jpguploaded
START imagePath /Users/pro001/Desktop/dev/Learning/tests/scrapWeb/hello-world/selenium/imaging/images/lphia-Bar.jpguploaded
identify1: JPEG 465x300
identify2: JPEG 465x300
imageExtension: 
imageWidth: 465 imageHeight: 300
WARNING: didUpload


START n-Dancing.jpguploaded
START imagePath /Users/pro001/Desktop/dev/Learning/tests/scrapWeb/hello-world/selenium/imaging/images/n-Dancing.jpguploaded
identify1: JPEG 465x300
identify2: JPEG 465x300
imageExtension: 
imageWidth: 465 imageHeight: 300
WARNING: didUpload


START n-FBI-Spy.jpguploaded
START imagePath /Users/pro001/Desktop/dev/Learning/tests/scrapWeb/hello-world/selenium/imaging/images/n-FBI-Spy.jpguploaded
identify1: JPEG 465x300
identify2: JPEG 465x300
imageExtension: 
imageWidth: 465 imageHeight: 300
WARNING: didUpload


START n-t-Watch.jpguploaded
START imagePath /Users/pro001/Desktop/dev/Learning/tests/scrapWeb/hello-world/selenium/imaging/images/n-t-Watch.jpguploaded
identify1: JPEG 465x300
identify2: JPEG 465x300
imageExtension: 
imageWidth: 465 imageHeight: 300
WARNING: didUpload


START n-workers.jpguploaded
START imagePath /Users/pro001/Desktop/dev/Learning/tests/scrapWeb/hello-world/selenium/imaging/images/n-workers.jpguploaded
identify1: JPEG 465x300
identify2: JPEG 465x300
imageExtension: 
imageWidth: 465 imageHeight: 300
WARNING: didUpload


START ncy-funds.jpguploaded
START imagePath /Users/pro001/Desktop/dev/Learning/tests/scrapWeb/hello-world/selenium/imaging/images/ncy-funds.jpguploaded
identify1: JPEG 465x300
identify2: JPEG 465x300
imageExtension: 
imageWidth: 465 imageHeight: 300
WARNING: didUpload


START nd----17.jpguploaded
START imagePath /Users/pro001/Desktop/dev/Learning/tests/scrapWeb/hello-world/selenium/imaging/images/nd----17.jpguploaded
identify1: JPEG 465x300
identify2: JPEG 465x300
imageExtension: 
imageWidth: 465 imageHeight: 300
WARNING: didUpload


START ne-Months.jpguploaded
START imagePath /Users/pro001/Desktop/dev/Learning/tests/scrapWeb/hello-world/selenium/imaging/images/ne-Months.jpguploaded
identify1: JPEG 465x300
identify2: JPEG 465x300
imageExtension: 
imageWidth: 465 imageHeight: 300
WARNING: didUpload


START ng-Mother.jpguploaded
START imagePath /Users/pro001/Desktop/dev/Learning/tests/scrapWeb/hello-world/selenium/imaging/images/ng-Mother.jpguploaded
identify1: JPEG 465x300
identify2: JPEG 465x300
imageExtension: 
imageWidth: 465 imageHeight: 300
WARNING: didUpload


START ng-Skills.jpguploaded
START imagePath /Users/pro001/Desktop/dev/Learning/tests/scrapWeb/hello-world/selenium/imaging/images/ng-Skills.jpguploaded
identify1: JPEG 465x300
identify2: JPEG 465x300
imageExtension: 
imageWidth: 465 imageHeight: 300
WARNING: didUpload


START o-See-Her.jpguploaded
START imagePath /Users/pro001/Desktop/dev/Learning/tests/scrapWeb/hello-world/selenium/imaging/images/o-See-Her.jpguploaded
identify1: JPEG 465x300
identify2: JPEG 465x300
imageExtension: 
imageWidth: 465 imageHeight: 300
WARNING: didUpload


START ods-Worse.jpguploaded
START imagePath /Users/pro001/Desktop/dev/Learning/tests/scrapWeb/hello-world/selenium/imaging/images/ods-Worse.jpguploaded
identify1: JPEG 465x300
identify2: JPEG 465x300
imageExtension: 
imageWidth: 465 imageHeight: 300
WARNING: didUpload


START p-24-Spot.jpguploaded
START imagePath /Users/pro001/Desktop/dev/Learning/tests/scrapWeb/hello-world/selenium/imaging/images/p-24-Spot.jpguploaded
identify1: JPEG 465x300
identify2: JPEG 465x300
imageExtension: 
imageWidth: 465 imageHeight: 300
WARNING: didUpload


START p-to-Mars.jpguploaded
START imagePath /Users/pro001/Desktop/dev/Learning/tests/scrapWeb/hello-world/selenium/imaging/images/p-to-Mars.jpguploaded
identify1: JPEG 465x300
identify2: JPEG 465x300
imageExtension: 
imageWidth: 465 imageHeight: 300
WARNING: didUpload


START r-Attacks.jpguploaded
START imagePath /Users/pro001/Desktop/dev/Learning/tests/scrapWeb/hello-world/selenium/imaging/images/r-Attacks.jpguploaded
identify1: JPEG 465x300
identify2: JPEG 465x300
imageExtension: 
imageWidth: 465 imageHeight: 300
WARNING: didUpload


START r-Parents.jpguploaded
START imagePath /Users/pro001/Desktop/dev/Learning/tests/scrapWeb/hello-world/selenium/imaging/images/r-Parents.jpguploaded
identify1: JPEG 465x300
identify2: JPEG 465x300
imageExtension: 
imageWidth: 465 imageHeight: 300
WARNING: didUpload


START rland-USA.jpguploaded
START imagePath /Users/pro001/Desktop/dev/Learning/tests/scrapWeb/hello-world/selenium/imaging/images/rland-USA.jpguploaded
identify1: JPEG 465x300
identify2: JPEG 465x300
imageExtension: 
imageWidth: 465 imageHeight: 300
WARNING: didUpload


START rosecutor.jpguploaded
START imagePath /Users/pro001/Desktop/dev/Learning/tests/scrapWeb/hello-world/selenium/imaging/images/rosecutor.jpguploaded
identify1: JPEG 465x300
identify2: JPEG 465x300
imageExtension: 
imageWidth: 465 imageHeight: 300
WARNING: didUpload


START s-Of-Grey.jpguploaded
START imagePath /Users/pro001/Desktop/dev/Learning/tests/scrapWeb/hello-world/selenium/imaging/images/s-Of-Grey.jpguploaded
identify1: JPEG 465x300
identify2: JPEG 465x300
imageExtension: 
imageWidth: 465 imageHeight: 300
WARNING: didUpload


START s-of-game.jpguploaded
START imagePath /Users/pro001/Desktop/dev/Learning/tests/scrapWeb/hello-world/selenium/imaging/images/s-of-game.jpguploaded
identify1: JPEG 465x300
identify2: JPEG 465x300
imageExtension: 
imageWidth: 465 imageHeight: 300
WARNING: didUpload


START s-traffic.jpguploaded
START imagePath /Users/pro001/Desktop/dev/Learning/tests/scrapWeb/hello-world/selenium/imaging/images/s-traffic.jpguploaded
identify1: JPEG 465x300
identify2: JPEG 465x300
imageExtension: 
imageWidth: 465 imageHeight: 300
WARNING: didUpload


START t--Alien.jpguploaded
START imagePath /Users/pro001/Desktop/dev/Learning/tests/scrapWeb/hello-world/selenium/imaging/images/t--Alien.jpguploaded
identify1: JPEG 465x300
identify2: JPEG 465x300
imageExtension: 
imageWidth: 465 imageHeight: 300
WARNING: didUpload


START the-world.jpguploaded
START imagePath /Users/pro001/Desktop/dev/Learning/tests/scrapWeb/hello-world/selenium/imaging/images/the-world.jpguploaded
identify1: JPEG 465x300
identify2: JPEG 465x300
imageExtension: 
imageWidth: 465 imageHeight: 300
WARNING: didUpload


START ther-Apps.jpguploaded
START imagePath /Users/pro001/Desktop/dev/Learning/tests/scrapWeb/hello-world/selenium/imaging/images/ther-Apps.jpguploaded
identify1: JPEG 465x300
identify2: JPEG 465x300
imageExtension: 
imageWidth: 465 imageHeight: 300
WARNING: didUpload


START tin-Short.jpguploaded
START imagePath /Users/pro001/Desktop/dev/Learning/tests/scrapWeb/hello-world/selenium/imaging/images/tin-Short.jpguploaded
identify1: JPEG 465x300
identify2: JPEG 465x300
imageExtension: 
imageWidth: 465 imageHeight: 300
WARNING: didUpload


START tive-Care.jpguploaded
START imagePath /Users/pro001/Desktop/dev/Learning/tests/scrapWeb/hello-world/selenium/imaging/images/tive-Care.jpguploaded
identify1: JPEG 465x300
identify2: JPEG 465x300
imageExtension: 
imageWidth: 465 imageHeight: 300
WARNING: didUpload


START to-Nisman.jpguploaded
START imagePath /Users/pro001/Desktop/dev/Learning/tests/scrapWeb/hello-world/selenium/imaging/images/to-Nisman.jpguploaded
identify1: JPEG 465x300
identify2: JPEG 465x300
imageExtension: 
imageWidth: 465 imageHeight: 300
WARNING: didUpload


START to-the-US.jpguploaded
START imagePath /Users/pro001/Desktop/dev/Learning/tests/scrapWeb/hello-world/selenium/imaging/images/to-the-US.jpguploaded
identify1: JPEG 465x300
identify2: JPEG 465x300
imageExtension: 
imageWidth: 465 imageHeight: 300
WARNING: didUpload


START ts-Misery.jpguploaded
START imagePath /Users/pro001/Desktop/dev/Learning/tests/scrapWeb/hello-world/selenium/imaging/images/ts-Misery.jpguploaded
identify1: JPEG 465x300
identify2: JPEG 465x300
imageExtension: 
imageWidth: 465 imageHeight: 300
WARNING: didUpload


START u-Rather.jpguploaded
START imagePath /Users/pro001/Desktop/dev/Learning/tests/scrapWeb/hello-world/selenium/imaging/images/u-Rather.jpguploaded
identify1: JPEG 465x300
identify2: JPEG 465x300
imageExtension: 
imageWidth: 465 imageHeight: 300
WARNING: didUpload


START uidelines.jpguploaded
START imagePath /Users/pro001/Desktop/dev/Learning/tests/scrapWeb/hello-world/selenium/imaging/images/uidelines.jpguploaded
identify1: JPEG 465x300
identify2: JPEG 465x300
imageExtension: 
imageWidth: 465 imageHeight: 300
WARNING: didUpload


START usinesses.jpguploaded
START imagePath /Users/pro001/Desktop/dev/Learning/tests/scrapWeb/hello-world/selenium/imaging/images/usinesses.jpguploaded
identify1: JPEG 465x300
identify2: JPEG 465x300
imageExtension: 
imageWidth: 465 imageHeight: 300
WARNING: didUpload


START ve-Drinks.jpguploaded
START imagePath /Users/pro001/Desktop/dev/Learning/tests/scrapWeb/hello-world/selenium/imaging/images/ve-Drinks.jpguploaded
identify1: JPEG 465x300
identify2: JPEG 465x300
imageExtension: 
imageWidth: 465 imageHeight: 300
WARNING: didUpload


START ve-Lounge.jpguploaded
START imagePath /Users/pro001/Desktop/dev/Learning/tests/scrapWeb/hello-world/selenium/imaging/images/ve-Lounge.jpguploaded
identify1: JPEG 465x300
identify2: JPEG 465x300
imageExtension: 
imageWidth: 465 imageHeight: 300
WARNING: didUpload


START y-Problem.jpguploaded
START imagePath /Users/pro001/Desktop/dev/Learning/tests/scrapWeb/hello-world/selenium/imaging/images/y-Problem.jpguploaded
identify1: JPEG 465x300
identify2: JPEG 465x300
imageExtension: 
imageWidth: 465 imageHeight: 300
WARNING: didUpload
pass
['AKIAIL44GJWS4ZLVS2PQ', '9UDeKn4KaB0boNRxMMZGGIBBajUDJBRjmqQyRSWS']
systemPath: ['', 'users', 'pro001', 'desktop', 'dev', 'learning', 'tests', 'scrapweb', 'hello-world', 'selenium'], localPath: ['', 'users', 'pro001', 'desktop', 'dev', 'learning', 'tests', 'scrapweb', 'hello-world', 'selenium', 'imaging', 'images']
0 ext: .jpg
1
2
3 try: ----16-4M.jpg
Not Uploading file name: i/----16-4M.jpg last-modified: Thu, 19 Feb 2015 18:32:28 GMT
time date 0 keyName: i/----16-4M.jpg
time date 1
time date 2
should delete: /Users/pro001/Desktop/Dev/Learning/tests/scrapWeb/hello-world/seleniumUsers/pro001/Desktop/Dev/Learning/tests/scrapWeb/hello-world/selenium/imaging/images/----16-4M.jpguploaded
WITHIN ONE DAY <Key: data.hotoppy.com,i/----16-4M.jpg>
3 try: ----31-5M.jpg
Not Uploading file name: i/----31-5M.jpg last-modified: Fri, 20 Feb 2015 19:44:05 GMT
time date 0 keyName: i/----31-5M.jpg
time date 1
time date 2
should delete: /Users/pro001/Desktop/Dev/Learning/tests/scrapWeb/hello-world/seleniumUsers/pro001/Desktop/Dev/Learning/tests/scrapWeb/hello-world/selenium/imaging/images/----31-5M.jpguploaded
WITHIN ONE DAY <Key: data.hotoppy.com,i/----31-5M.jpg>
3 try: ----36-2M.jpg
Not Uploading file name: i/----36-2M.jpg last-modified: Fri, 20 Feb 2015 19:44:12 GMT
time date 0 keyName: i/----36-2M.jpg
time date 1
time date 2
should delete: /Users/pro001/Desktop/Dev/Learning/tests/scrapWeb/hello-world/seleniumUsers/pro001/Desktop/Dev/Learning/tests/scrapWeb/hello-world/selenium/imaging/images/----36-2M.jpguploaded
WITHIN ONE DAY <Key: data.hotoppy.com,i/----36-2M.jpg>
3 try: ----85-2M.jpg
Not Uploading file name: i/----85-2M.jpg last-modified: Fri, 20 Feb 2015 19:44:15 GMT
time date 0 keyName: i/----85-2M.jpg
time date 1
time date 2
should delete: /Users/pro001/Desktop/Dev/Learning/tests/scrapWeb/hello-world/seleniumUsers/pro001/Desktop/Dev/Learning/tests/scrapWeb/hello-world/selenium/imaging/images/----85-2M.jpguploaded
WITHIN ONE DAY <Key: data.hotoppy.com,i/----85-2M.jpg>
3 try: ---Go-Out.jpg
Not Uploading file name: i/---Go-Out.jpg last-modified: Fri, 20 Feb 2015 00:17:33 GMT
time date 0 keyName: i/---Go-Out.jpg
time date 1
time date 2
should delete: /Users/pro001/Desktop/Dev/Learning/tests/scrapWeb/hello-world/seleniumUsers/pro001/Desktop/Dev/Learning/tests/scrapWeb/hello-world/selenium/imaging/images/---Go-Out.jpguploaded
WITHIN ONE DAY <Key: data.hotoppy.com,i/---Go-Out.jpg>
3 try: --Jerry-s.jpg
Not Uploading file name: i/--Jerry-s.jpg last-modified: Thu, 19 Feb 2015 18:32:48 GMT
time date 0 keyName: i/--Jerry-s.jpg
time date 1
time date 2
should delete: /Users/pro001/Desktop/Dev/Learning/tests/scrapWeb/hello-world/seleniumUsers/pro001/Desktop/Dev/Learning/tests/scrapWeb/hello-world/selenium/imaging/images/--Jerry-s.jpguploaded
WITHIN ONE DAY <Key: data.hotoppy.com,i/--Jerry-s.jpg>
3 try: -10-Years.jpg
Not Uploading file name: i/-10-Years.jpg last-modified: Fri, 20 Feb 2015 02:35:37 GMT
time date 0 keyName: i/-10-Years.jpg
time date 1
time date 2
should delete: /Users/pro001/Desktop/Dev/Learning/tests/scrapWeb/hello-world/seleniumUsers/pro001/Desktop/Dev/Learning/tests/scrapWeb/hello-world/selenium/imaging/images/-10-Years.jpguploaded
WITHIN ONE DAY <Key: data.hotoppy.com,i/-10-Years.jpg>
3 try: -America.jpg
Not Uploading file name: i/-America.jpg last-modified: Thu, 19 Feb 2015 22:15:56 GMT
time date 0 keyName: i/-America.jpg
time date 1
time date 2
should delete: /Users/pro001/Desktop/Dev/Learning/tests/scrapWeb/hello-world/seleniumUsers/pro001/Desktop/Dev/Learning/tests/scrapWeb/hello-world/selenium/imaging/images/-America.jpguploaded
WITHIN ONE DAY <Key: data.hotoppy.com,i/-America.jpg>
3 try: -children.jpg
Not Uploading file name: i/-children.jpg last-modified: Thu, 19 Feb 2015 04:39:11 GMT
time date 0 keyName: i/-children.jpg
time date 1
time date 2
should delete: /Users/pro001/Desktop/Dev/Learning/tests/scrapWeb/hello-world/seleniumUsers/pro001/Desktop/Dev/Learning/tests/scrapWeb/hello-world/selenium/imaging/images/-children.jpguploaded
WITHIN ONE DAY <Key: data.hotoppy.com,i/-children.jpg>
3 try: -Comeback.jpg
Not Uploading file name: i/-Comeback.jpg last-modified: Wed, 18 Feb 2015 22:07:04 GMT
time date 0 keyName: i/-Comeback.jpg
time date 1
time date 2
should delete: /Users/pro001/Desktop/Dev/Learning/tests/scrapWeb/hello-world/seleniumUsers/pro001/Desktop/Dev/Learning/tests/scrapWeb/hello-world/selenium/imaging/images/-Comeback.jpguploaded
WITHIN ONE DAY <Key: data.hotoppy.com,i/-Comeback.jpg>
3 try: -from-Raw.jpg
Not Uploading file name: i/-from-Raw.jpg last-modified: Fri, 20 Feb 2015 05:00:57 GMT
time date 0 keyName: i/-from-Raw.jpg
time date 1
time date 2
should delete: /Users/pro001/Desktop/Dev/Learning/tests/scrapWeb/hello-world/seleniumUsers/pro001/Desktop/Dev/Learning/tests/scrapWeb/hello-world/selenium/imaging/images/-from-Raw.jpguploaded
WITHIN ONE DAY <Key: data.hotoppy.com,i/-from-Raw.jpg>
3 try: -His-40th.jpg
timed out
