number of args: 1


START ----16-4M.jpguploaded
START imagePath /Users/pro001/Desktop/dev/Learning/tests/scrapWeb/hello-world/selenium/imaging/images/----16-4M.jpguploaded
identify1: JPEG 465x300
identify2: JPEG 465x300
imageExtension: 
imageWidth: 465 imageHeight: 300
WARNING: didUpload


START ----31-5M.jpguploaded
START imagePath /Users/pro001/Desktop/dev/Learning/tests/scrapWeb/hello-world/selenium/imaging/images/----31-5M.jpguploaded
identify1: JPEG 465x300
identify2: JPEG 465x300
imageExtension: 
imageWidth: 465 imageHeight: 300
WARNING: didUpload


START ----36-2M.jpguploaded
START imagePath /Users/pro001/Desktop/dev/Learning/tests/scrapWeb/hello-world/selenium/imaging/images/----36-2M.jpguploaded
identify1: JPEG 465x300
identify2: JPEG 465x300
imageExtension: 
imageWidth: 465 imageHeight: 300
WARNING: didUpload


START ----85-2M.jpguploaded
START imagePath /Users/pro001/Desktop/dev/Learning/tests/scrapWeb/hello-world/selenium/imaging/images/----85-2M.jpguploaded
identify1: JPEG 465x300
identify2: JPEG 465x300
imageExtension: 
imageWidth: 465 imageHeight: 300
WARNING: didUpload


START ---Go-Out.jpguploaded
START imagePath /Users/pro001/Desktop/dev/Learning/tests/scrapWeb/hello-world/selenium/imaging/images/---Go-Out.jpguploaded
identify1: JPEG 465x300
identify2: JPEG 465x300
imageExtension: 
imageWidth: 465 imageHeight: 300
WARNING: didUpload


START --Jerry-s.jpguploaded
START imagePath /Users/pro001/Desktop/dev/Learning/tests/scrapWeb/hello-world/selenium/imaging/images/--Jerry-s.jpguploaded
identify1: JPEG 465x300
identify2: JPEG 465x300
imageExtension: 
imageWidth: 465 imageHeight: 300
WARNING: didUpload


START -10-Years.jpguploaded
START imagePath /Users/pro001/Desktop/dev/Learning/tests/scrapWeb/hello-world/selenium/imaging/images/-10-Years.jpguploaded
identify1: JPEG 465x300
identify2: JPEG 465x300
imageExtension: 
imageWidth: 465 imageHeight: 300
WARNING: didUpload


START -America.jpguploaded
START imagePath /Users/pro001/Desktop/dev/Learning/tests/scrapWeb/hello-world/selenium/imaging/images/-America.jpguploaded
identify1: JPEG 465x300
identify2: JPEG 465x300
imageExtension: 
imageWidth: 465 imageHeight: 300
WARNING: didUpload


START -Comeback.jpguploaded
START imagePath /Users/pro001/Desktop/dev/Learning/tests/scrapWeb/hello-world/selenium/imaging/images/-Comeback.jpguploaded
identify1: JPEG 465x300
identify2: JPEG 465x300
imageExtension: 
imageWidth: 465 imageHeight: 300
WARNING: didUpload


START -His-40th.jpguploaded
START imagePath /Users/pro001/Desktop/dev/Learning/tests/scrapWeb/hello-world/selenium/imaging/images/-His-40th.jpguploaded
identify1: JPEG 465x300
identify2: JPEG 465x300
imageExtension: 
imageWidth: 465 imageHeight: 300
WARNING: didUpload


START -Molyneux.jpguploaded
START imagePath /Users/pro001/Desktop/dev/Learning/tests/scrapWeb/hello-world/selenium/imaging/images/-Molyneux.jpguploaded
identify1: JPEG 465x300
identify2: JPEG 465x300
imageExtension: 
imageWidth: 465 imageHeight: 300
WARNING: didUpload


START -Overhead.jpguploaded
START imagePath /Users/pro001/Desktop/dev/Learning/tests/scrapWeb/hello-world/selenium/imaging/images/-Overhead.jpguploaded
identify1: JPEG 465x300
identify2: JPEG 465x300
imageExtension: 
imageWidth: 465 imageHeight: 300
WARNING: didUpload


START -Own-Life.jpguploaded
START imagePath /Users/pro001/Desktop/dev/Learning/tests/scrapWeb/hello-world/selenium/imaging/images/-Own-Life.jpguploaded
identify1: JPEG 465x300
identify2: JPEG 465x300
imageExtension: 
imageWidth: 465 imageHeight: 300
WARNING: didUpload


START -Platform.jpguploaded
START imagePath /Users/pro001/Desktop/dev/Learning/tests/scrapWeb/hello-world/selenium/imaging/images/-Platform.jpguploaded
identify1: JPEG 465x300
identify2: JPEG 465x300
imageExtension: 
imageWidth: 465 imageHeight: 300
WARNING: didUpload


START -Revealed.jpg
START imagePath /Users/pro001/Desktop/dev/Learning/tests/scrapWeb/hello-world/selenium/imaging/images/-Revealed.jpg
identify1: JPEG 465x300
identify2: JPEG 465x300
imageExtension: jpg
imageWidth: 465 imageHeight: 300
PROCESSING: /usr/local/bin/convert /Users/pro001/Desktop/dev/Learning/tests/scrapWeb/hello-world/selenium/imaging/images/-Revealed.jpg -resize 465x -gravity center -background white -extent 465x300 -crop 465x300 /Users/pro001/Desktop/dev/Learning/tests/scrapWeb/hello-world/selenium/imaging/images/-Revealed.jpg



START -Sabrina.jpguploaded
START imagePath /Users/pro001/Desktop/dev/Learning/tests/scrapWeb/hello-world/selenium/imaging/images/-Sabrina.jpguploaded
identify1: JPEG 465x300
identify2: JPEG 465x300
imageExtension: jpg
imageWidth: 465 imageHeight: 300
WARNING: didUpload


START -Series-A.jpguploaded
START imagePath /Users/pro001/Desktop/dev/Learning/tests/scrapWeb/hello-world/selenium/imaging/images/-Series-A.jpguploaded
identify1: JPEG 465x300
identify2: JPEG 465x300
imageExtension: jpg
imageWidth: 465 imageHeight: 300
WARNING: didUpload


START -The-DUFF.jpguploaded
START imagePath /Users/pro001/Desktop/dev/Learning/tests/scrapWeb/hello-world/selenium/imaging/images/-The-DUFF.jpguploaded
identify1: JPEG 465x300
identify2: JPEG 465x300
imageExtension: jpg
imageWidth: 465 imageHeight: 300
WARNING: didUpload


START -Withdraw.jpguploaded
START imagePath /Users/pro001/Desktop/dev/Learning/tests/scrapWeb/hello-world/selenium/imaging/images/-Withdraw.jpguploaded
identify1: JPEG 465x300
identify2: JPEG 465x300
imageExtension: jpg
imageWidth: 465 imageHeight: 300
WARNING: didUpload


START -children.jpguploaded
START imagePath /Users/pro001/Desktop/dev/Learning/tests/scrapWeb/hello-world/selenium/imaging/images/-children.jpguploaded
identify1: JPEG 465x300
identify2: JPEG 465x300
imageExtension: jpg
imageWidth: 465 imageHeight: 300
WARNING: didUpload


START -from-Raw.jpguploaded
START imagePath /Users/pro001/Desktop/dev/Learning/tests/scrapWeb/hello-world/selenium/imaging/images/-from-Raw.jpguploaded
identify1: JPEG 465x300
identify2: JPEG 465x300
imageExtension: jpg
imageWidth: 465 imageHeight: 300
WARNING: didUpload


START -lawmaker.jpguploaded
START imagePath /Users/pro001/Desktop/dev/Learning/tests/scrapWeb/hello-world/selenium/imaging/images/-lawmaker.jpguploaded
identify1: JPEG 465x300
identify2: JPEG 465x300
imageExtension: jpg
imageWidth: 465 imageHeight: 300
WARNING: didUpload


START -us-safe.jpguploaded
START imagePath /Users/pro001/Desktop/dev/Learning/tests/scrapWeb/hello-world/selenium/imaging/images/-us-safe.jpguploaded
identify1: JPEG 465x300
identify2: JPEG 465x300
imageExtension: jpg
imageWidth: 465 imageHeight: 300
WARNING: didUpload


START Adventure.jpguploaded
START imagePath /Users/pro001/Desktop/dev/Learning/tests/scrapWeb/hello-world/selenium/imaging/images/Adventure.jpguploaded
identify1: JPEG 465x300
identify2: JPEG 465x300
imageExtension: jpg
imageWidth: 465 imageHeight: 300
WARNING: didUpload


START Critical.jpguploaded
START imagePath /Users/pro001/Desktop/dev/Learning/tests/scrapWeb/hello-world/selenium/imaging/images/Critical.jpguploaded
identify1: JPEG 465x300
identify2: JPEG 465x300
imageExtension: jpg
imageWidth: 465 imageHeight: 300
WARNING: didUpload


START Different.jpguploaded
START imagePath /Users/pro001/Desktop/dev/Learning/tests/scrapWeb/hello-world/selenium/imaging/images/Different.jpguploaded
identify1: JPEG 465x300
identify2: JPEG 465x300
imageExtension: jpg
imageWidth: 465 imageHeight: 300
WARNING: didUpload


START Dog-Shows.jpguploaded
START imagePath /Users/pro001/Desktop/dev/Learning/tests/scrapWeb/hello-world/selenium/imaging/images/Dog-Shows.jpguploaded
identify1: JPEG 465x300
identify2: JPEG 465x300
imageExtension: jpg
imageWidth: 465 imageHeight: 300
WARNING: didUpload


START IDS-Virus.jpguploaded
START imagePath /Users/pro001/Desktop/dev/Learning/tests/scrapWeb/hello-world/selenium/imaging/images/IDS-Virus.jpguploaded
identify1: JPEG 465x300
identify2: JPEG 465x300
imageExtension: jpg
imageWidth: 465 imageHeight: 300
WARNING: didUpload


START It-Pizza.jpguploaded
START imagePath /Users/pro001/Desktop/dev/Learning/tests/scrapWeb/hello-world/selenium/imaging/images/It-Pizza.jpguploaded
identify1: JPEG 465x300
identify2: JPEG 465x300
imageExtension: jpg
imageWidth: 465 imageHeight: 300
WARNING: didUpload


START Multiples.jpguploaded
START imagePath /Users/pro001/Desktop/dev/Learning/tests/scrapWeb/hello-world/selenium/imaging/images/Multiples.jpguploaded
identify1: JPEG 465x300
identify2: JPEG 465x300
imageExtension: jpg
imageWidth: 465 imageHeight: 300
WARNING: didUpload


START Our-Bangs.jpguploaded
START imagePath /Users/pro001/Desktop/dev/Learning/tests/scrapWeb/hello-world/selenium/imaging/images/Our-Bangs.jpguploaded
identify1: JPEG 465x300
identify2: JPEG 465x300
imageExtension: jpg
imageWidth: 465 imageHeight: 300
WARNING: didUpload


START Right-Now.jpguploaded
START imagePath /Users/pro001/Desktop/dev/Learning/tests/scrapWeb/hello-world/selenium/imaging/images/Right-Now.jpguploaded
identify1: JPEG 465x300
identify2: JPEG 465x300
imageExtension: jpg
imageWidth: 465 imageHeight: 300
WARNING: didUpload


START SIC-VIDEO.jpguploaded
START imagePath /Users/pro001/Desktop/dev/Learning/tests/scrapWeb/hello-world/selenium/imaging/images/SIC-VIDEO.jpguploaded
identify1: JPEG 465x300
identify2: JPEG 465x300
imageExtension: jpg
imageWidth: 465 imageHeight: 300
WARNING: didUpload


START Spotlight.jpguploaded
START imagePath /Users/pro001/Desktop/dev/Learning/tests/scrapWeb/hello-world/selenium/imaging/images/Spotlight.jpguploaded
identify1: JPEG 465x300
identify2: JPEG 465x300
imageExtension: jpg
imageWidth: 465 imageHeight: 300
WARNING: didUpload


START The-Slap.jpguploaded
START imagePath /Users/pro001/Desktop/dev/Learning/tests/scrapWeb/hello-world/selenium/imaging/images/The-Slap.jpguploaded
identify1: JPEG 465x300
identify2: JPEG 465x300
imageExtension: jpg
imageWidth: 465 imageHeight: 300
WARNING: didUpload


START To-Church.jpguploaded
START imagePath /Users/pro001/Desktop/dev/Learning/tests/scrapWeb/hello-world/selenium/imaging/images/To-Church.jpguploaded
identify1: JPEG 465x300
identify2: JPEG 465x300
imageExtension: jpg
imageWidth: 465 imageHeight: 300
WARNING: didUpload


START Up-To-All.jpguploaded
START imagePath /Users/pro001/Desktop/dev/Learning/tests/scrapWeb/hello-world/selenium/imaging/images/Up-To-All.jpguploaded
identify1: JPEG 465x300
identify2: JPEG 465x300
imageExtension: jpg
imageWidth: 465 imageHeight: 300
WARNING: didUpload


START Vani-Hari.jpg
START imagePath /Users/pro001/Desktop/dev/Learning/tests/scrapWeb/hello-world/selenium/imaging/images/Vani-Hari.jpg
identify1: JPEG 322x500
identify2: JPEG 322x500
imageExtension: jpg
imageWidth: 322 imageHeight: 500
PROCESSING: /usr/local/bin/convert /Users/pro001/Desktop/dev/Learning/tests/scrapWeb/hello-world/selenium/imaging/images/Vani-Hari.jpg -resize x300 -gravity center -background white -extent 465x300 -crop 465x300 /Users/pro001/Desktop/dev/Learning/tests/scrapWeb/hello-world/selenium/imaging/images/Vani-Hari.jpg



START a-holster.jpguploaded
START imagePath /Users/pro001/Desktop/dev/Learning/tests/scrapWeb/hello-world/selenium/imaging/images/a-holster.jpguploaded
identify1: JPEG 465x300
identify2: JPEG 465x300
imageExtension: jpg
imageWidth: 465 imageHeight: 300
WARNING: didUpload


START al-divide.jpguploaded
START imagePath /Users/pro001/Desktop/dev/Learning/tests/scrapWeb/hello-world/selenium/imaging/images/al-divide.jpguploaded
identify1: JPEG 465x300
identify2: JPEG 465x300
imageExtension: jpg
imageWidth: 465 imageHeight: 300
WARNING: didUpload


START an-Party.jpguploaded
START imagePath /Users/pro001/Desktop/dev/Learning/tests/scrapWeb/hello-world/selenium/imaging/images/an-Party.jpguploaded
identify1: JPEG 465x300
identify2: JPEG 465x300
imageExtension: jpg
imageWidth: 465 imageHeight: 300
WARNING: didUpload


START and-Width.jpguploaded
START imagePath /Users/pro001/Desktop/dev/Learning/tests/scrapWeb/hello-world/selenium/imaging/images/and-Width.jpguploaded
identify1: JPEG 465x300
identify2: JPEG 465x300
imageExtension: jpg
imageWidth: 465 imageHeight: 300
WARNING: didUpload


START ards-Show.jpguploaded
START imagePath /Users/pro001/Desktop/dev/Learning/tests/scrapWeb/hello-world/selenium/imaging/images/ards-Show.jpguploaded
identify1: JPEG 465x300
identify2: JPEG 465x300
imageExtension: jpg
imageWidth: 465 imageHeight: 300
WARNING: didUpload


START armed-man.jpguploaded
START imagePath /Users/pro001/Desktop/dev/Learning/tests/scrapWeb/hello-world/selenium/imaging/images/armed-man.jpguploaded
identify1: JPEG 465x300
identify2: JPEG 465x300
imageExtension: jpg
imageWidth: 465 imageHeight: 300
WARNING: didUpload


START ationwide.jpguploaded
START imagePath /Users/pro001/Desktop/dev/Learning/tests/scrapWeb/hello-world/selenium/imaging/images/ationwide.jpguploaded
identify1: JPEG 465x300
identify2: JPEG 465x300
imageExtension: jpg
imageWidth: 465 imageHeight: 300
WARNING: didUpload


START atisfying.jpguploaded
START imagePath /Users/pro001/Desktop/dev/Learning/tests/scrapWeb/hello-world/selenium/imaging/images/atisfying.jpguploaded
identify1: JPEG 465x300
identify2: JPEG 465x300
imageExtension: jpg
imageWidth: 465 imageHeight: 300
WARNING: didUpload


START ave-Music.jpguploaded
START imagePath /Users/pro001/Desktop/dev/Learning/tests/scrapWeb/hello-world/selenium/imaging/images/ave-Music.jpguploaded
identify1: JPEG 465x300
identify2: JPEG 465x300
imageExtension: jpg
imageWidth: 465 imageHeight: 300
WARNING: didUpload


START ay-Couple.jpguploaded
START imagePath /Users/pro001/Desktop/dev/Learning/tests/scrapWeb/hello-world/selenium/imaging/images/ay-Couple.jpguploaded
identify1: JPEG 465x300
identify2: JPEG 465x300
imageExtension: jpg
imageWidth: 465 imageHeight: 300
WARNING: didUpload


START ble-Clues.jpguploaded
START imagePath /Users/pro001/Desktop/dev/Learning/tests/scrapWeb/hello-world/selenium/imaging/images/ble-Clues.jpguploaded
identify1: JPEG 465x300
identify2: JPEG 465x300
imageExtension: jpg
imageWidth: 465 imageHeight: 300
WARNING: didUpload


START cago-fire.jpguploaded
START imagePath /Users/pro001/Desktop/dev/Learning/tests/scrapWeb/hello-world/selenium/imaging/images/cago-fire.jpguploaded
identify1: JPEG 465x300
identify2: JPEG 465x300
imageExtension: jpg
imageWidth: 465 imageHeight: 300
WARNING: didUpload


START ck-Mirror.jpguploaded
START imagePath /Users/pro001/Desktop/dev/Learning/tests/scrapWeb/hello-world/selenium/imaging/images/ck-Mirror.jpguploaded
identify1: JPEG 465x300
identify2: JPEG 465x300
imageExtension: jpg
imageWidth: 465 imageHeight: 300
WARNING: didUpload


START cking-It.jpguploaded
START imagePath /Users/pro001/Desktop/dev/Learning/tests/scrapWeb/hello-world/selenium/imaging/images/cking-It.jpguploaded
identify1: JPEG 465x300
identify2: JPEG 465x300
imageExtension: jpg
imageWidth: 465 imageHeight: 300
WARNING: didUpload


START continues.jpguploaded
START imagePath /Users/pro001/Desktop/dev/Learning/tests/scrapWeb/hello-world/selenium/imaging/images/continues.jpguploaded
identify1: JPEG 465x300
identify2: JPEG 465x300
imageExtension: jpg
imageWidth: 465 imageHeight: 300
WARNING: didUpload


START cruitment.jpguploaded
START imagePath /Users/pro001/Desktop/dev/Learning/tests/scrapWeb/hello-world/selenium/imaging/images/cruitment.jpguploaded
identify1: JPEG 465x300
identify2: JPEG 465x300
imageExtension: jpg
imageWidth: 465 imageHeight: 300
WARNING: didUpload


START derstorms.jpguploaded
START imagePath /Users/pro001/Desktop/dev/Learning/tests/scrapWeb/hello-world/selenium/imaging/images/derstorms.jpguploaded
identify1: JPEG 465x300
identify2: JPEG 465x300
imageExtension: jpg
imageWidth: 465 imageHeight: 300
WARNING: didUpload


START e-Classes.jpguploaded
START imagePath /Users/pro001/Desktop/dev/Learning/tests/scrapWeb/hello-world/selenium/imaging/images/e-Classes.jpguploaded
identify1: JPEG 465x300
identify2: JPEG 465x300
imageExtension: jpg
imageWidth: 465 imageHeight: 300
WARNING: didUpload


START e-Moments.jpguploaded
START imagePath /Users/pro001/Desktop/dev/Learning/tests/scrapWeb/hello-world/selenium/imaging/images/e-Moments.jpguploaded
identify1: JPEG 465x300
identify2: JPEG 465x300
imageExtension: jpg
imageWidth: 465 imageHeight: 300
WARNING: didUpload


START ellphones.jpguploaded
START imagePath /Users/pro001/Desktop/dev/Learning/tests/scrapWeb/hello-world/selenium/imaging/images/ellphones.jpguploaded
identify1: JPEG 465x300
identify2: JPEG 465x300
imageExtension: jpg
imageWidth: 465 imageHeight: 300
WARNING: didUpload


START ent-Ellen.jpguploaded
START imagePath /Users/pro001/Desktop/dev/Learning/tests/scrapWeb/hello-world/selenium/imaging/images/ent-Ellen.jpguploaded
identify1: JPEG 465x300
identify2: JPEG 465x300
imageExtension: jpg
imageWidth: 465 imageHeight: 300
WARNING: didUpload


START er-Future.jpguploaded
START imagePath /Users/pro001/Desktop/dev/Learning/tests/scrapWeb/hello-world/selenium/imaging/images/er-Future.jpguploaded
identify1: JPEG 465x300
identify2: JPEG 465x300
imageExtension: jpg
imageWidth: 465 imageHeight: 300
WARNING: didUpload


START eting-App.jpguploaded
START imagePath /Users/pro001/Desktop/dev/Learning/tests/scrapWeb/hello-world/selenium/imaging/images/eting-App.jpguploaded
identify1: JPEG 465x300
identify2: JPEG 465x300
imageExtension: jpg
imageWidth: 465 imageHeight: 300
WARNING: didUpload


START extremism.jpguploaded
START imagePath /Users/pro001/Desktop/dev/Learning/tests/scrapWeb/hello-world/selenium/imaging/images/extremism.jpguploaded
identify1: JPEG 465x300
identify2: JPEG 465x300
imageExtension: jpg
imageWidth: 465 imageHeight: 300
WARNING: didUpload


START for-Blood.jpguploaded
START imagePath /Users/pro001/Desktop/dev/Learning/tests/scrapWeb/hello-world/selenium/imaging/images/for-Blood.jpguploaded
identify1: JPEG 465x300
identify2: JPEG 465x300
imageExtension: jpg
imageWidth: 465 imageHeight: 300
WARNING: didUpload


START he-Marrow.jpguploaded
START imagePath /Users/pro001/Desktop/dev/Learning/tests/scrapWeb/hello-world/selenium/imaging/images/he-Marrow.jpguploaded
identify1: JPEG 465x300
identify2: JPEG 465x300
imageExtension: jpg
imageWidth: 465 imageHeight: 300
WARNING: didUpload


START ho-Is-He.jpguploaded
START imagePath /Users/pro001/Desktop/dev/Learning/tests/scrapWeb/hello-world/selenium/imaging/images/ho-Is-He.jpguploaded
identify1: JPEG 465x300
identify2: JPEG 465x300
imageExtension: jpg
imageWidth: 465 imageHeight: 300
WARNING: didUpload


START ild-Tales.jpguploaded
START imagePath /Users/pro001/Desktop/dev/Learning/tests/scrapWeb/hello-world/selenium/imaging/images/ild-Tales.jpguploaded
identify1: JPEG 465x300
identify2: JPEG 465x300
imageExtension: jpg
imageWidth: 465 imageHeight: 300
WARNING: didUpload


START imageProcessor.sh
START imagePath /Users/pro001/Desktop/dev/Learning/tests/scrapWeb/hello-world/selenium/imaging/images/imageProcessor.sh
identify1: 
identify2: 
imageExtension: 
imageWidth:  imageHeight: 
error imageWidth: imageHeight:


START ing-David.jpguploaded
START imagePath /Users/pro001/Desktop/dev/Learning/tests/scrapWeb/hello-world/selenium/imaging/images/ing-David.jpguploaded
identify1: JPEG 465x300
identify2: JPEG 465x300
imageExtension: 
imageWidth: 465 imageHeight: 300
WARNING: didUpload


START l-Assault.jpguploaded
START imagePath /Users/pro001/Desktop/dev/Learning/tests/scrapWeb/hello-world/selenium/imaging/images/l-Assault.jpguploaded
identify1: JPEG 465x300
identify2: JPEG 465x300
imageExtension: 
imageWidth: 465 imageHeight: 300
WARNING: didUpload


START laim-Show.jpguploaded
START imagePath /Users/pro001/Desktop/dev/Learning/tests/scrapWeb/hello-world/selenium/imaging/images/laim-Show.jpguploaded
identify1: JPEG 465x300
identify2: JPEG 465x300
imageExtension: 
imageWidth: 465 imageHeight: 300
WARNING: didUpload


START logs
START imagePath /Users/pro001/Desktop/dev/Learning/tests/scrapWeb/hello-world/selenium/imaging/images/logs
identify1: 
identify2: 
imageExtension: 
imageWidth:  imageHeight: 
error imageWidth: imageHeight:


START lout-plan.jpguploaded
START imagePath /Users/pro001/Desktop/dev/Learning/tests/scrapWeb/hello-world/selenium/imaging/images/lout-plan.jpguploaded
identify1: JPEG 465x300
identify2: JPEG 465x300
imageExtension: 
imageWidth: 465 imageHeight: 300
WARNING: didUpload


START lphia-Bar.jpguploaded
START imagePath /Users/pro001/Desktop/dev/Learning/tests/scrapWeb/hello-world/selenium/imaging/images/lphia-Bar.jpguploaded
identify1: JPEG 465x300
identify2: JPEG 465x300
imageExtension: 
imageWidth: 465 imageHeight: 300
WARNING: didUpload


START n-Dancing.jpguploaded
START imagePath /Users/pro001/Desktop/dev/Learning/tests/scrapWeb/hello-world/selenium/imaging/images/n-Dancing.jpguploaded
identify1: JPEG 465x300
identify2: JPEG 465x300
imageExtension: 
imageWidth: 465 imageHeight: 300
WARNING: didUpload


START n-FBI-Spy.jpguploaded
START imagePath /Users/pro001/Desktop/dev/Learning/tests/scrapWeb/hello-world/selenium/imaging/images/n-FBI-Spy.jpguploaded
identify1: JPEG 465x300
identify2: JPEG 465x300
imageExtension: 
imageWidth: 465 imageHeight: 300
WARNING: didUpload


START n-t-Watch.jpguploaded
START imagePath /Users/pro001/Desktop/dev/Learning/tests/scrapWeb/hello-world/selenium/imaging/images/n-t-Watch.jpguploaded
identify1: JPEG 465x300
identify2: JPEG 465x300
imageExtension: 
imageWidth: 465 imageHeight: 300
WARNING: didUpload


START n-workers.jpguploaded
START imagePath /Users/pro001/Desktop/dev/Learning/tests/scrapWeb/hello-world/selenium/imaging/images/n-workers.jpguploaded
identify1: JPEG 465x300
identify2: JPEG 465x300
imageExtension: 
imageWidth: 465 imageHeight: 300
WARNING: didUpload


START ncy-funds.jpguploaded
START imagePath /Users/pro001/Desktop/dev/Learning/tests/scrapWeb/hello-world/selenium/imaging/images/ncy-funds.jpguploaded
identify1: JPEG 465x300
identify2: JPEG 465x300
imageExtension: 
imageWidth: 465 imageHeight: 300
WARNING: didUpload


START nd----17.jpguploaded
START imagePath /Users/pro001/Desktop/dev/Learning/tests/scrapWeb/hello-world/selenium/imaging/images/nd----17.jpguploaded
identify1: JPEG 465x300
identify2: JPEG 465x300
imageExtension: 
imageWidth: 465 imageHeight: 300
WARNING: didUpload


START ne-Months.jpguploaded
START imagePath /Users/pro001/Desktop/dev/Learning/tests/scrapWeb/hello-world/selenium/imaging/images/ne-Months.jpguploaded
identify1: JPEG 465x300
identify2: JPEG 465x300
imageExtension: 
imageWidth: 465 imageHeight: 300
WARNING: didUpload


START ng-Mother.jpguploaded
START imagePath /Users/pro001/Desktop/dev/Learning/tests/scrapWeb/hello-world/selenium/imaging/images/ng-Mother.jpguploaded
identify1: JPEG 465x300
identify2: JPEG 465x300
imageExtension: 
imageWidth: 465 imageHeight: 300
WARNING: didUpload


START ng-Skills.jpguploaded
START imagePath /Users/pro001/Desktop/dev/Learning/tests/scrapWeb/hello-world/selenium/imaging/images/ng-Skills.jpguploaded
identify1: JPEG 465x300
identify2: JPEG 465x300
imageExtension: 
imageWidth: 465 imageHeight: 300
WARNING: didUpload


START o-See-Her.jpguploaded
START imagePath /Users/pro001/Desktop/dev/Learning/tests/scrapWeb/hello-world/selenium/imaging/images/o-See-Her.jpguploaded
identify1: JPEG 465x300
identify2: JPEG 465x300
imageExtension: 
imageWidth: 465 imageHeight: 300
WARNING: didUpload


START ods-Worse.jpguploaded
START imagePath /Users/pro001/Desktop/dev/Learning/tests/scrapWeb/hello-world/selenium/imaging/images/ods-Worse.jpguploaded
identify1: JPEG 465x300
identify2: JPEG 465x300
imageExtension: 
imageWidth: 465 imageHeight: 300
WARNING: didUpload


START p-24-Spot.jpguploaded
START imagePath /Users/pro001/Desktop/dev/Learning/tests/scrapWeb/hello-world/selenium/imaging/images/p-24-Spot.jpguploaded
identify1: JPEG 465x300
identify2: JPEG 465x300
imageExtension: 
imageWidth: 465 imageHeight: 300
WARNING: didUpload


START p-to-Mars.jpguploaded
START imagePath /Users/pro001/Desktop/dev/Learning/tests/scrapWeb/hello-world/selenium/imaging/images/p-to-Mars.jpguploaded
identify1: JPEG 465x300
identify2: JPEG 465x300
imageExtension: 
imageWidth: 465 imageHeight: 300
WARNING: didUpload


START r-Attacks.jpguploaded
START imagePath /Users/pro001/Desktop/dev/Learning/tests/scrapWeb/hello-world/selenium/imaging/images/r-Attacks.jpguploaded
identify1: JPEG 465x300
identify2: JPEG 465x300
imageExtension: 
imageWidth: 465 imageHeight: 300
WARNING: didUpload


START r-Parents.jpguploaded
START imagePath /Users/pro001/Desktop/dev/Learning/tests/scrapWeb/hello-world/selenium/imaging/images/r-Parents.jpguploaded
identify1: JPEG 465x300
identify2: JPEG 465x300
imageExtension: 
imageWidth: 465 imageHeight: 300
WARNING: didUpload


START rland-USA.jpguploaded
START imagePath /Users/pro001/Desktop/dev/Learning/tests/scrapWeb/hello-world/selenium/imaging/images/rland-USA.jpguploaded
identify1: JPEG 465x300
identify2: JPEG 465x300
imageExtension: 
imageWidth: 465 imageHeight: 300
WARNING: didUpload


START rosecutor.jpguploaded
START imagePath /Users/pro001/Desktop/dev/Learning/tests/scrapWeb/hello-world/selenium/imaging/images/rosecutor.jpguploaded
identify1: JPEG 465x300
identify2: JPEG 465x300
imageExtension: 
imageWidth: 465 imageHeight: 300
WARNING: didUpload


START s-Of-Grey.jpguploaded
START imagePath /Users/pro001/Desktop/dev/Learning/tests/scrapWeb/hello-world/selenium/imaging/images/s-Of-Grey.jpguploaded
identify1: JPEG 465x300
identify2: JPEG 465x300
imageExtension: 
imageWidth: 465 imageHeight: 300
WARNING: didUpload


START s-of-game.jpguploaded
START imagePath /Users/pro001/Desktop/dev/Learning/tests/scrapWeb/hello-world/selenium/imaging/images/s-of-game.jpguploaded
identify1: JPEG 465x300
identify2: JPEG 465x300
imageExtension: 
imageWidth: 465 imageHeight: 300
WARNING: didUpload


START s-traffic.jpguploaded
START imagePath /Users/pro001/Desktop/dev/Learning/tests/scrapWeb/hello-world/selenium/imaging/images/s-traffic.jpguploaded
identify1: JPEG 465x300
identify2: JPEG 465x300
imageExtension: 
imageWidth: 465 imageHeight: 300
WARNING: didUpload


START t--Alien.jpguploaded
START imagePath /Users/pro001/Desktop/dev/Learning/tests/scrapWeb/hello-world/selenium/imaging/images/t--Alien.jpguploaded
identify1: JPEG 465x300
identify2: JPEG 465x300
imageExtension: 
imageWidth: 465 imageHeight: 300
WARNING: didUpload


START the-world.jpguploaded
START imagePath /Users/pro001/Desktop/dev/Learning/tests/scrapWeb/hello-world/selenium/imaging/images/the-world.jpguploaded
identify1: JPEG 465x300
identify2: JPEG 465x300
imageExtension: 
imageWidth: 465 imageHeight: 300
WARNING: didUpload


START ther-Apps.jpguploaded
START imagePath /Users/pro001/Desktop/dev/Learning/tests/scrapWeb/hello-world/selenium/imaging/images/ther-Apps.jpguploaded
identify1: JPEG 465x300
identify2: JPEG 465x300
imageExtension: 
imageWidth: 465 imageHeight: 300
WARNING: didUpload


START tin-Short.jpguploaded
START imagePath /Users/pro001/Desktop/dev/Learning/tests/scrapWeb/hello-world/selenium/imaging/images/tin-Short.jpguploaded
identify1: JPEG 465x300
identify2: JPEG 465x300
imageExtension: 
imageWidth: 465 imageHeight: 300
WARNING: didUpload


START tive-Care.jpguploaded
START imagePath /Users/pro001/Desktop/dev/Learning/tests/scrapWeb/hello-world/selenium/imaging/images/tive-Care.jpguploaded
identify1: JPEG 465x300
identify2: JPEG 465x300
imageExtension: 
imageWidth: 465 imageHeight: 300
WARNING: didUpload


START to-Nisman.jpguploaded
START imagePath /Users/pro001/Desktop/dev/Learning/tests/scrapWeb/hello-world/selenium/imaging/images/to-Nisman.jpguploaded
identify1: JPEG 465x300
identify2: JPEG 465x300
imageExtension: 
imageWidth: 465 imageHeight: 300
WARNING: didUpload


START to-the-US.jpguploaded
START imagePath /Users/pro001/Desktop/dev/Learning/tests/scrapWeb/hello-world/selenium/imaging/images/to-the-US.jpguploaded
identify1: JPEG 465x300
identify2: JPEG 465x300
imageExtension: 
imageWidth: 465 imageHeight: 300
WARNING: didUpload


START ts-Misery.jpguploaded
START imagePath /Users/pro001/Desktop/dev/Learning/tests/scrapWeb/hello-world/selenium/imaging/images/ts-Misery.jpguploaded
identify1: JPEG 465x300
identify2: JPEG 465x300
imageExtension: 
imageWidth: 465 imageHeight: 300
WARNING: didUpload


START u-Rather.jpguploaded
START imagePath /Users/pro001/Desktop/dev/Learning/tests/scrapWeb/hello-world/selenium/imaging/images/u-Rather.jpguploaded
identify1: JPEG 465x300
identify2: JPEG 465x300
imageExtension: 
imageWidth: 465 imageHeight: 300
WARNING: didUpload


START uidelines.jpguploaded
START imagePath /Users/pro001/Desktop/dev/Learning/tests/scrapWeb/hello-world/selenium/imaging/images/uidelines.jpguploaded
identify1: JPEG 465x300
identify2: JPEG 465x300
imageExtension: 
imageWidth: 465 imageHeight: 300
WARNING: didUpload


START usinesses.jpguploaded
START imagePath /Users/pro001/Desktop/dev/Learning/tests/scrapWeb/hello-world/selenium/imaging/images/usinesses.jpguploaded
identify1: JPEG 465x300
identify2: JPEG 465x300
imageExtension: 
imageWidth: 465 imageHeight: 300
WARNING: didUpload


START ve-Drinks.jpguploaded
START imagePath /Users/pro001/Desktop/dev/Learning/tests/scrapWeb/hello-world/selenium/imaging/images/ve-Drinks.jpguploaded
identify1: JPEG 465x300
identify2: JPEG 465x300
imageExtension: 
imageWidth: 465 imageHeight: 300
WARNING: didUpload


START ve-Lounge.jpguploaded
START imagePath /Users/pro001/Desktop/dev/Learning/tests/scrapWeb/hello-world/selenium/imaging/images/ve-Lounge.jpguploaded
identify1: JPEG 465x300
identify2: JPEG 465x300
imageExtension: 
imageWidth: 465 imageHeight: 300
WARNING: didUpload


START y-Problem.jpguploaded
START imagePath /Users/pro001/Desktop/dev/Learning/tests/scrapWeb/hello-world/selenium/imaging/images/y-Problem.jpguploaded
identify1: JPEG 465x300
identify2: JPEG 465x300
imageExtension: 
imageWidth: 465 imageHeight: 300
WARNING: didUpload
pass
['AKIAIL44GJWS4ZLVS2PQ', '9UDeKn4KaB0boNRxMMZGGIBBajUDJBRjmqQyRSWS']
systemPath: ['', 'users', 'pro001', 'desktop', 'dev', 'learning', 'tests', 'scrapweb', 'hello-world', 'selenium'], localPath: ['', 'users', 'pro001', 'desktop', 'dev', 'learning', 'tests', 'scrapweb', 'hello-world', 'selenium', 'imaging', 'images']
0 ext: .jpg
1
2
3 try: ----16-4M.jpg
Not Uploading file name: i/----16-4M.jpg last-modified: Thu, 19 Feb 2015 18:32:28 GMT
time date 0 keyName: i/----16-4M.jpg
time date 1
time date 2
should delete: /Users/pro001/Desktop/Dev/Learning/tests/scrapWeb/hello-world/seleniumUsers/pro001/Desktop/Dev/Learning/tests/scrapWeb/hello-world/selenium/imaging/images/----16-4M.jpguploaded
WITHIN ONE DAY <Key: data.hotoppy.com,i/----16-4M.jpg>
3 try: ----31-5M.jpg
Not Uploading file name: i/----31-5M.jpg last-modified: Fri, 20 Feb 2015 19:44:05 GMT
time date 0 keyName: i/----31-5M.jpg
time date 1
time date 2
should delete: /Users/pro001/Desktop/Dev/Learning/tests/scrapWeb/hello-world/seleniumUsers/pro001/Desktop/Dev/Learning/tests/scrapWeb/hello-world/selenium/imaging/images/----31-5M.jpguploaded
WITHIN ONE DAY <Key: data.hotoppy.com,i/----31-5M.jpg>
3 try: ----36-2M.jpg
Not Uploading file name: i/----36-2M.jpg last-modified: Fri, 20 Feb 2015 19:44:12 GMT
time date 0 keyName: i/----36-2M.jpg
time date 1
time date 2
should delete: /Users/pro001/Desktop/Dev/Learning/tests/scrapWeb/hello-world/seleniumUsers/pro001/Desktop/Dev/Learning/tests/scrapWeb/hello-world/selenium/imaging/images/----36-2M.jpguploaded
WITHIN ONE DAY <Key: data.hotoppy.com,i/----36-2M.jpg>
3 try: ----85-2M.jpg
Not Uploading file name: i/----85-2M.jpg last-modified: Fri, 20 Feb 2015 19:44:15 GMT
time date 0 keyName: i/----85-2M.jpg
time date 1
time date 2
should delete: /Users/pro001/Desktop/Dev/Learning/tests/scrapWeb/hello-world/seleniumUsers/pro001/Desktop/Dev/Learning/tests/scrapWeb/hello-world/selenium/imaging/images/----85-2M.jpguploaded
WITHIN ONE DAY <Key: data.hotoppy.com,i/----85-2M.jpg>
3 try: ---Go-Out.jpg
Not Uploading file name: i/---Go-Out.jpg last-modified: Fri, 20 Feb 2015 00:17:33 GMT
time date 0 keyName: i/---Go-Out.jpg
time date 1
time date 2
should delete: /Users/pro001/Desktop/Dev/Learning/tests/scrapWeb/hello-world/seleniumUsers/pro001/Desktop/Dev/Learning/tests/scrapWeb/hello-world/selenium/imaging/images/---Go-Out.jpguploaded
WITHIN ONE DAY <Key: data.hotoppy.com,i/---Go-Out.jpg>
3 try: --Jerry-s.jpg
Not Uploading file name: i/--Jerry-s.jpg last-modified: Thu, 19 Feb 2015 18:32:48 GMT
time date 0 keyName: i/--Jerry-s.jpg
time date 1
time date 2
should delete: /Users/pro001/Desktop/Dev/Learning/tests/scrapWeb/hello-world/seleniumUsers/pro001/Desktop/Dev/Learning/tests/scrapWeb/hello-world/selenium/imaging/images/--Jerry-s.jpguploaded
WITHIN ONE DAY <Key: data.hotoppy.com,i/--Jerry-s.jpg>
3 try: -10-Years.jpg
Not Uploading file name: i/-10-Years.jpg last-modified: Fri, 20 Feb 2015 02:35:37 GMT
time date 0 keyName: i/-10-Years.jpg
time date 1
time date 2
should delete: /Users/pro001/Desktop/Dev/Learning/tests/scrapWeb/hello-world/seleniumUsers/pro001/Desktop/Dev/Learning/tests/scrapWeb/hello-world/selenium/imaging/images/-10-Years.jpguploaded
WITHIN ONE DAY <Key: data.hotoppy.com,i/-10-Years.jpg>
3 try: -America.jpg
Not Uploading file name: i/-America.jpg last-modified: Thu, 19 Feb 2015 22:15:56 GMT
time date 0 keyName: i/-America.jpg
time date 1
time date 2
should delete: /Users/pro001/Desktop/Dev/Learning/tests/scrapWeb/hello-world/seleniumUsers/pro001/Desktop/Dev/Learning/tests/scrapWeb/hello-world/selenium/imaging/images/-America.jpguploaded
WITHIN ONE DAY <Key: data.hotoppy.com,i/-America.jpg>
3 try: -children.jpg
Not Uploading file name: i/-children.jpg last-modified: Thu, 19 Feb 2015 04:39:11 GMT
time date 0 keyName: i/-children.jpg
time date 1
time date 2
should delete: /Users/pro001/Desktop/Dev/Learning/tests/scrapWeb/hello-world/seleniumUsers/pro001/Desktop/Dev/Learning/tests/scrapWeb/hello-world/selenium/imaging/images/-children.jpguploaded
WITHIN ONE DAY <Key: data.hotoppy.com,i/-children.jpg>
3 try: -Comeback.jpg
Not Uploading file name: i/-Comeback.jpg last-modified: Wed, 18 Feb 2015 22:07:04 GMT
time date 0 keyName: i/-Comeback.jpg
time date 1
time date 2
should delete: /Users/pro001/Desktop/Dev/Learning/tests/scrapWeb/hello-world/seleniumUsers/pro001/Desktop/Dev/Learning/tests/scrapWeb/hello-world/selenium/imaging/images/-Comeback.jpguploaded
WITHIN ONE DAY <Key: data.hotoppy.com,i/-Comeback.jpg>
3 try: -from-Raw.jpg
Not Uploading file name: i/-from-Raw.jpg last-modified: Fri, 20 Feb 2015 05:00:57 GMT
time date 0 keyName: i/-from-Raw.jpg
time date 1
time date 2
should delete: /Users/pro001/Desktop/Dev/Learning/tests/scrapWeb/hello-world/seleniumUsers/pro001/Desktop/Dev/Learning/tests/scrapWeb/hello-world/selenium/imaging/images/-from-Raw.jpguploaded
WITHIN ONE DAY <Key: data.hotoppy.com,i/-from-Raw.jpg>
3 try: -His-40th.jpg
Not Uploading file name: i/-His-40th.jpg last-modified: Wed, 18 Feb 2015 18:33:44 GMT
time date 0 keyName: i/-His-40th.jpg
time date 1
time date 2
should delete: /Users/pro001/Desktop/Dev/Learning/tests/scrapWeb/hello-world/seleniumUsers/pro001/Desktop/Dev/Learning/tests/scrapWeb/hello-world/selenium/imaging/images/-His-40th.jpguploaded
WITHIN ONE DAY <Key: data.hotoppy.com,i/-His-40th.jpg>
3 try: -lawmaker.jpg
Not Uploading file name: i/-lawmaker.jpg last-modified: Thu, 19 Feb 2015 04:39:22 GMT
time date 0 keyName: i/-lawmaker.jpg
time date 1
time date 2
should delete: /Users/pro001/Desktop/Dev/Learning/tests/scrapWeb/hello-world/seleniumUsers/pro001/Desktop/Dev/Learning/tests/scrapWeb/hello-world/selenium/imaging/images/-lawmaker.jpguploaded
WITHIN ONE DAY <Key: data.hotoppy.com,i/-lawmaker.jpg>
3 try: -Molyneux.jpg
Not Uploading file name: i/-Molyneux.jpg last-modified: Thu, 19 Feb 2015 02:29:18 GMT
time date 0 keyName: i/-Molyneux.jpg
time date 1
time date 2
should delete: /Users/pro001/Desktop/Dev/Learning/tests/scrapWeb/hello-world/seleniumUsers/pro001/Desktop/Dev/Learning/tests/scrapWeb/hello-world/selenium/imaging/images/-Molyneux.jpguploaded
WITHIN ONE DAY <Key: data.hotoppy.com,i/-Molyneux.jpg>
3 try: -Overhead.jpg
Not Uploading file name: i/-Overhead.jpg last-modified: Thu, 19 Feb 2015 02:29:23 GMT
time date 0 keyName: i/-Overhead.jpg
time date 1
time date 2
should delete: /Users/pro001/Desktop/Dev/Learning/tests/scrapWeb/hello-world/seleniumUsers/pro001/Desktop/Dev/Learning/tests/scrapWeb/hello-world/selenium/imaging/images/-Overhead.jpguploaded
WITHIN ONE DAY <Key: data.hotoppy.com,i/-Overhead.jpg>
3 try: -Own-Life.jpg
Not Uploading file name: i/-Own-Life.jpg last-modified: Thu, 19 Feb 2015 18:16:27 GMT
time date 0 keyName: i/-Own-Life.jpg
time date 1
time date 2
should delete: /Users/pro001/Desktop/Dev/Learning/tests/scrapWeb/hello-world/seleniumUsers/pro001/Desktop/Dev/Learning/tests/scrapWeb/hello-world/selenium/imaging/images/-Own-Life.jpguploaded
WITHIN ONE DAY <Key: data.hotoppy.com,i/-Own-Life.jpg>
3 try: -Platform.jpg
Not Uploading file name: i/-Platform.jpg last-modified: Thu, 19 Feb 2015 18:16:30 GMT
time date 0 keyName: i/-Platform.jpg
time date 1
time date 2
should delete: /Users/pro001/Desktop/Dev/Learning/tests/scrapWeb/hello-world/seleniumUsers/pro001/Desktop/Dev/Learning/tests/scrapWeb/hello-world/selenium/imaging/images/-Platform.jpguploaded
WITHIN ONE DAY <Key: data.hotoppy.com,i/-Platform.jpg>
3 try: -Reve
4
2 keyName: i/-Revealed.jpg
Uploading file name: -Revealed.jpg
3 try: -Sabrina.jpg
Not Uploading file name: i/-Sabrina.jpg last-modified: Thu, 19 Feb 2015 18:33:28 GMT
time date 0 keyName: i/-Sabrina.jpg
time date 1
time date 2
should delete: /Users/pro001/Desktop/Dev/Learning/tests/scrapWeb/hello-world/seleniumUsers/pro001/Desktop/Dev/Learning/tests/scrapWeb/hello-world/selenium/imaging/images/-Sabrina.jpguploaded
WITHIN ONE DAY <Key: data.hotoppy.com,i/-Sabrina.jpg>
3 try: -Series-A.jpg
Not Uploading file name: i/-Series-A.jpg last-modified: Thu, 19 Feb 2015 02:29:27 GMT
time date 0 keyName: i/-Series-A.jpg
time date 1
time date 2
should delete: /Users/pro001/Desktop/Dev/Learning/tests/scrapWeb/hello-world/seleniumUsers/pro001/Desktop/Dev/Learning/tests/scrapWeb/hello-world/selenium/imaging/images/-Series-A.jpguploaded
WITHIN ONE DAY <Key: data.hotoppy.com,i/-Series-A.jpg>
3 try: -The-DUFF.jpg
Not Uploading file name: i/-The-DUFF.jpg last-modified: Wed, 18 Feb 2015 22:18:56 GMT
time date 0 keyName: i/-The-DUFF.jpg
time date 1
time date 2
should delete: /Users/pro001/Desktop/Dev/Learning/tests/scrapWeb/hello-world/seleniumUsers/pro001/Desktop/Dev/Learning/tests/scrapWeb/hello-world/selenium/imaging/images/-The-DUFF.jpguploaded
WITHIN ONE DAY <Key: data.hotoppy.com,i/-The-DUFF.jpg>
3 try: -us-safe.jpg
Not Uploading file name: i/-us-safe.jpg last-modified: Wed, 18 Feb 2015 22:18:58 GMT
time date 0 keyName: i/-us-safe.jpg
time date 1
time date 2
should delete: /Users/pro001/Desktop/Dev/Learning/tests/scrapWeb/hello-world/seleniumUsers/pro001/Desktop/Dev/Learning/tests/scrapWeb/hello-world/selenium/imaging/images/-us-safe.jpguploaded
WITHIN ONE DAY <Key: data.hotoppy.com,i/-us-safe.jpg>
3 try: -Withdraw.jpg
Not Uploading file name: i/-Withdraw.jpg last-modified: Thu, 19 Feb 2015 00:09:16 GMT
time date 0 keyName: i/-Withdraw.jpg
time date 1
time date 2
should delete: /Users/pro001/Desktop/Dev/Learning/tests/scrapWeb/hello-world/seleniumUsers/pro001/Desktop/Dev/Learning/tests/scrapWeb/hello-world/selenium/imaging/images/-Withdraw.jpguploaded
WITHIN ONE DAY <Key: data.hotoppy.com,i/-Withdraw.jpg>
3 try: .
3 try: a-holster.jpg
Not Uploading file name: i/a-holster.jpg last-modified: Thu, 19 Feb 2015 18:33:47 GMT
time date 0 keyName: i/a-holster.jpg
time date 1
time date 2
should delete: /Users/pro001/Desktop/Dev/Learning/tests/scrapWeb/hello-world/seleniumUsers/pro001/Desktop/Dev/Learning/tests/scrapWeb/hello-world/selenium/imaging/images/a-holster.jpguploaded
WITHIN ONE DAY <Key: data.hotoppy.com,i/a-holster.jpg>
3 try: Adventure.jpg
Not Uploading file name: i/Adventure.jpg last-modified: Fri, 20 Feb 2015 00:08:22 GMT
time date 0 keyName: i/Adventure.jpg
time date 1
time date 2
should delete: /Users/pro001/Desktop/Dev/Learning/tests/scrapWeb/hello-world/seleniumUsers/pro001/Desktop/Dev/Learning/tests/scrapWeb/hello-world/selenium/imaging/images/Adventure.jpguploaded
WITHIN ONE DAY <Key: data.hotoppy.com,i/Adventure.jpg>
3 try: al-divide.jpg
Not Uploading file name: i/al-divide.jpg last-modified: Fri, 20 Feb 2015 05:01:08 GMT
time date 0 keyName: i/al-divide.jpg
time date 1
time date 2
should delete: /Users/pro001/Desktop/Dev/Learning/tests/scrapWeb/hello-world/seleniumUsers/pro001/Desktop/Dev/Learning/tests/scrapWeb/hello-world/selenium/imaging/images/al-divide.jpguploaded
WITHIN ONE DAY <Key: data.hotoppy.com,i/al-divide.jpg>
3 try: an-Party.jpg
Not Uploading file name: i/an-Party.jpg last-modified: Thu, 19 Feb 2015 00:31:27 GMT
time date 0 keyName: i/an-Party.jpg
time date 1
time date 2
should delete: /Users/pro001/Desktop/Dev/Learning/tests/scrapWeb/hello-world/seleniumUsers/pro001/Desktop/Dev/Learning/tests/scrapWeb/hello-world/selenium/imaging/images/an-Party.jpguploaded
WITHIN ONE DAY <Key: data.hotoppy.com,i/an-Party.jpg>
3 try: and-Width.jpg
Not Uploading file name: i/and-Width.jpg last-modified: Thu, 19 Feb 2015 02:29:38 GMT
time date 0 keyName: i/and-Width.jpg
time date 1
time date 2
should delete: /Users/pro001/Desktop/Dev/Learning/tests/scrapWeb/hello-world/seleniumUsers/pro001/Desktop/Dev/Learning/tests/scrapWeb/hello-world/selenium/imaging/images/and-Width.jpguploaded
WITHIN ONE DAY <Key: data.hotoppy.com,i/and-Width.jpg>
3 try: ards-Show.jpg
Not Uploading file name: i/ards-Show.jpg last-modified: Thu, 19 Feb 2015 18:34:03 GMT
time date 0 keyName: i/ards-Show.jpg
time date 1
time date 2
should delete: /Users/pro001/Desktop/Dev/Learning/tests/scrapWeb/hello-world/seleniumUsers/pro001/Desktop/Dev/Learning/tests/scrapWeb/hello-world/selenium/imaging/images/ards-Show.jpguploaded
WITHIN ONE DAY <Key: data.hotoppy.com,i/ards-Show.jpg>
3 try: armed-man.jpg
Not Uploading file name: i/armed-man.jpg last-modified: Fri, 20 Feb 2015 05:01:13 GMT
time date 0 keyName: i/armed-man.jpg
time date 1
time date 2
should delete: /Users/pro001/Desktop/Dev/Learning/tests/scrapWeb/hello-world/seleniumUsers/pro001/Desktop/Dev/Learning/tests/scrapWeb/hello-world/selenium/imaging/images/armed-man.jpguploaded
WITHIN ONE DAY <Key: data.hotoppy.com,i/armed-man.jpg>
3 try: ationwide.jpg
Not Uploading file name: i/ationwide.jpg last-modified: Thu, 19 Feb 2015 20:41:31 GMT
time date 0 keyName: i/ationwide.jpg
time date 1
time date 2
should delete: /Users/pro001/Desktop/Dev/Learning/tests/scrapWeb/hello-world/seleniumUsers/pro001/Desktop/Dev/Learning/tests/scrapWeb/hello-world/selenium/imaging/images/ationwide.jpguploaded
WITHIN ONE DAY <Key: data.hotoppy.com,i/ationwide.jpg>
3 try: atisfying.jpg
Not Uploading file name: i/atisfying.jpg last-modified: Fri, 20 Feb 2015 05:01:17 GMT
time date 0 keyName: i/atisfying.jpg
time date 1
time date 2
should delete: /Users/pro001/Desktop/Dev/Learning/tests/scrapWeb/hello-world/seleniumUsers/pro001/Desktop/Dev/Learning/tests/scrapWeb/hello-world/selenium/imaging/images/atisfying.jpguploaded
WITHIN ONE DAY <Key: data.hotoppy.com,i/atisfying.jpg>
3 try: ave-Music.jpg
Not Uploading file name: i/ave-Music.jpg last-modified: Wed, 18 Feb 2015 18:18:45 GMT
time date 0 keyName: i/ave-Music.jpg
time date 1
time date 2
should delete: /Users/pro001/Desktop/Dev/Learning/tests/scrapWeb/hello-world/seleniumUsers/pro001/Desktop/Dev/Learning/tests/scrapWeb/hello-world/selenium/imaging/images/ave-Music.jpguploaded
WITHIN ONE DAY <Key: data.hotoppy.com,i/ave-Music.jpg>
3 try: ay-Couple.jpg
Not Uploading file name: i/ay-Couple.jpg last-modified: Fri, 20 Feb 2015 04:11:02 GMT
time date 0 keyName: i/ay-Couple.jpg
time date 1
time date 2
should delete: /Users/pro001/Desktop/Dev/Learning/tests/scrapWeb/hello-world/seleniumUsers/pro001/Desktop/Dev/Learning/tests/scrapWeb/hello-world/selenium/imaging/images/ay-Couple.jpguploaded
WITHIN ONE DAY <Key: data.hotoppy.com,i/ay-Couple.jpg>
3 try: ble-Clues.jpg
Not Uploading file name: i/ble-Clues.jpg last-modified: Fri, 20 Feb 2015 02:35:50 GMT
time date 0 keyName: i/ble-Clues.jpg
time date 1
time date 2
should delete: /Users/pro001/Desktop/Dev/Learning/tests/scrapWeb/hello-world/seleniumUsers/pro001/Desktop/Dev/Learning/tests/scrapWeb/hello-world/selenium/imaging/images/ble-Clues.jpguploaded
WITHIN ONE DAY <Key: data.hotoppy.com,i/ble-Clues.jpg>
3 try: cago-fire.jpg
Not Uploading file name: i/cago-fire.jpg last-modified: Thu, 19 Feb 2015 20:11:26 GMT
time date 0 keyName: i/cago-fire.jpg
time date 1
time date 2
should delete: /Users/pro001/Desktop/Dev/Learning/tests/scrapWeb/hello-world/seleniumUsers/pro001/Desktop/Dev/Learning/tests/scrapWeb/hello-world/selenium/imaging/images/cago-fire.jpguploaded
WITHIN ONE DAY <Key: data.hotoppy.com,i/cago-fire.jpg>
3 try: ck-Mirror.jpg
Not Uploading file name: i/ck-Mirror.jpg last-modified: Wed, 18 Feb 2015 18:18:57 GMT
time date 0 keyName: i/ck-Mirror.jpg
time date 1
time date 2
should delete: /Users/pro001/Desktop/Dev/Learning/tests/scrapWeb/hello-world/seleniumUsers/pro001/Desktop/Dev/Learning/tests/scrapWeb/hello-world/selenium/imaging/images/ck-Mirror.jpguploaded
WITHIN ONE DAY <Key: data.hotoppy.com,i/ck-Mirror.jpg>
3 try: cking-It.jpg
Not Uploading file name: i/cking-It.jpg last-modified: Thu, 19 Feb 2015 20:28:50 GMT
time date 0 keyName: i/cking-It.jpg
time date 1
time date 2
should delete: /Users/pro001/Desktop/Dev/Learning/tests/scrapWeb/hello-world/seleniumUsers/pro001/Desktop/Dev/Learning/tests/scrapWeb/hello-world/selenium/imaging/images/cking-It.jpguploaded
WITHIN ONE DAY <Key: data.hotoppy.com,i/cking-It.jpg>
3 try: continues.jpg
Not Uploading file name: i/continues.jpg last-modified: Thu, 19 Feb 2015 22:46:50 GMT
time date 0 keyName: i/continues.jpg
time date 1
time date 2
should delete: /Users/pro001/Desktop/Dev/Learning/tests/scrapWeb/hello-world/seleniumUsers/pro001/Desktop/Dev/Learning/tests/scrapWeb/hello-world/selenium/imaging/images/continues.jpguploaded
WITHIN ONE DAY <Key: data.hotoppy.com,i/continues.jpg>
3 try: Critical.jpg
Not Uploading file name: i/Critical.jpg last-modified: Thu, 19 Feb 2015 18:49:53 GMT
time date 0 keyName: i/Critical.jpg
time date 1
time date 2
should delete: /Users/pro001/Desktop/Dev/Learning/tests/scrapWeb/hello-world/seleniumUsers/pro001/Desktop/Dev/Learning/tests/scrapWeb/hello-world/selenium/imaging/images/Critical.jpguploaded
WITHIN ONE DAY <Key: data.hotoppy.com,i/Critical.jpg>
3 try: cruitment.jpg
Not Uploading file name: i/cruitment.jpg last-modified: Thu, 19 Feb 2015 00:31:41 GMT
time date 0 keyName: i/cruitment.jpg
time date 1
time date 2
should delete: /Users/pro001/Desktop/Dev/Learning/tests/scrapWeb/hello-world/seleniumUsers/pro001/Desktop/Dev/Learning/tests/scrapWeb/hello-world/selenium/imaging/images/cruitment.jpguploaded
WITHIN ONE DAY <Key: data.hotoppy.com,i/cruitment.jpg>
3 try: derstorms.jpg
Not Uploading file name: i/derstorms.jpg last-modified: Thu, 19 Feb 2015 02:29:51 GMT
time date 0 keyName: i/derstorms.jpg
time date 1
time date 2
should delete: /Users/pro001/Desktop/Dev/Learning/tests/scrapWeb/hello-world/seleniumUsers/pro001/Desktop/Dev/Learning/tests/scrapWeb/hello-world/selenium/imaging/images/derstorms.jpguploaded
WITHIN ONE DAY <Key: data.hotoppy.com,i/derstorms.jpg>
3 try: Different.jpg
Not Uploading file name: i/Different.jpg last-modified: Wed, 18 Feb 2015 18:35:17 GMT
time date 0 keyName: i/Different.jpg
time date 1
time date 2
should delete: /Users/pro001/Desktop/Dev/Learning/tests/scrapWeb/hello-world/seleniumUsers/pro001/Desktop/Dev/Learning/tests/scrapWeb/hello-world/selenium/imaging/images/Different.jpguploaded
WITHIN ONE DAY <Key: data.hotoppy.com,i/Different.jpg>
3 try: Dog-Shows.jpg
Not Uploading file name: i/Dog-Shows.jpg last-modified: Fri, 20 Feb 2015 00:08:29 GMT
time date 0 keyName: i/Dog-Shows.jpg
time date 1
time date 2
should delete: /Users/pro001/Desktop/Dev/Learning/tests/scrapWeb/hello-world/seleniumUsers/pro001/Desktop/Dev/Learning/tests/scrapWeb/hello-world/selenium/imaging/images/Dog-Shows.jpguploaded
WITHIN ONE DAY <Key: data.hotoppy.com,i/Dog-Shows.jpg>
3 try: e-Classes.jpg
Not Uploading file name: i/e-Classes.jpg last-modified: Wed, 18 Feb 2015 22:19:16 GMT
time date 0 keyName: i/e-Classes.jpg
time date 1
time date 2
should delete: /Users/pro001/Desktop/Dev/Learning/tests/scrapWeb/hello-world/seleniumUsers/pro001/Desktop/Dev/Learning/tests/scrapWeb/hello-world/selenium/imaging/images/e-Classes.jpguploaded
WITHIN ONE DAY <Key: data.hotoppy.com,i/e-Classes.jpg>
3 try: e-Moments.jpg
Not Uploading file name: i/e-Moments.jpg last-modified: Wed, 18 Feb 2015 18:35:22 GMT
time date 0 keyName: i/e-Moments.jpg
time date 1
time date 2
should delete: /Users/pro001/Desktop/Dev/Learning/tests/scrapWeb/hello-world/seleniumUsers/pro001/Desktop/Dev/Learning/tests/scrapWeb/hello-world/selenium/imaging/images/e-Moments.jpguploaded
WITHIN ONE DAY <Key: data.hotoppy.com,i/e-Moments.jpg>
3 try: ellphones.jpg
Not Uploading file name: i/ellphones.jpg last-modified: Thu, 19 Feb 2015 22:47:09 GMT
time date 0 keyName: i/ellphones.jpg
time date 1
time date 2
should delete: /Users/pro001/Desktop/Dev/Learning/tests/scrapWeb/hello-world/seleniumUsers/pro001/Desktop/Dev/Learning/tests/scrapWeb/hello-world/selenium/imaging/images/ellphones.jpguploaded
WITHIN ONE DAY <Key: data.hotoppy.com,i/ellphones.jpg>
3 try: ent-Ellen.jpg
Not Uploading file name: i/ent-Ellen.jpg last-modified: Fri, 20 Feb 2015 02:10:06 GMT
time date 0 keyName: i/ent-Ellen.jpg
time date 1
time date 2
should delete: /Users/pro001/Desktop/Dev/Learning/tests/scrapWeb/hello-world/seleniumUsers/pro001/Desktop/Dev/Learning/tests/scrapWeb/hello-world/selenium/imaging/images/ent-Ellen.jpguploaded
WITHIN ONE DAY <Key: data.hotoppy.com,i/ent-Ellen.jpg>
3 try: er-Future.jpg
Not Uploading file name: i/er-Future.jpg last-modified: Fri, 20 Feb 2015 02:21:46 GMT
time date 0 keyName: i/er-Future.jpg
time date 1
time date 2
should delete: /Users/pro001/Desktop/Dev/Learning/tests/scrapWeb/hello-world/seleniumUsers/pro001/Desktop/Dev/Learning/tests/scrapWeb/hello-world/selenium/imaging/images/er-Future.jpguploaded
WITHIN ONE DAY <Key: data.hotoppy.com,i/er-Future.jpg>
3 try: eting-App.jpg
Not Uploading file name: i/eting-App.jpg last-modified: Thu, 19 Feb 2015 20:42:02 GMT
time date 0 keyName: i/eting-App.jpg
time date 1
time date 2
should delete: /Users/pro001/Desktop/Dev/Learning/tests/scrapWeb/hello-world/seleniumUsers/pro001/Desktop/Dev/Learning/tests/scrapWeb/hello-world/selenium/imaging/images/eting-App.jpguploaded
WITHIN ONE DAY <Key: data.hotoppy.com,i/eting-App.jpg>
3 try: extremism.jpg
Not Uploading file name: i/extremism.jpg last-modified: Thu, 19 Feb 2015 22:47:14 GMT
time date 0 keyName: i/extremism.jpg
time date 1
time date 2
should delete: /Users/pro001/Desktop/Dev/Learning/tests/scrapWeb/hello-world/seleniumUsers/pro001/Desktop/Dev/Learning/tests/scrapWeb/hello-world/selenium/imaging/images/extremism.jpguploaded
WITHIN ONE DAY <Key: data.hotoppy.com,i/extremism.jpg>
3 try: for-Blood.jpg
Not Uploading file name: i/for-Blood.jpg last-modified: Fri, 20 Feb 2015 02:36:04 GMT
time date 0 keyName: i/for-Blood.jpg
time date 1
time date 2
should delete: /Users/pro001/Desktop/Dev/Learning/tests/scrapWeb/hello-world/seleniumUsers/pro001/Desktop/Dev/Learning/tests/scrapWeb/hello-world/selenium/imaging/images/for-Blood.jpguploaded
WITHIN ONE DAY <Key: data.hotoppy.com,i/for-Blood.jpg>
3 try: he-Marrow.jpg
Not Uploading file name: i/he-Marrow.jpg last-modified: Fri, 20 Feb 2015 04:11:18 GMT
time date 0 keyName: i/he-Marrow.jpg
time date 1
time date 2
should delete: /Users/pro001/Desktop/Dev/Learning/tests/scrapWeb/hello-world/seleniumUsers/pro001/Desktop/Dev/Learning/tests/scrapWeb/hello-world/selenium/imaging/images/he-Marrow.jpguploaded
WITHIN ONE DAY <Key: data.hotoppy.com,i/he-Marrow.jpg>
3 try: ho-Is-He.jpg
Not Uploading file name: i/ho-Is-He.jpg last-modified: Thu, 19 Feb 2015 00:32:02 GMT
time date 0 keyName: i/ho-Is-He.jpg
time date 1
time date 2
should delete: /Users/pro001/Desktop/Dev/Learning/tests/scrapWeb/hello-world/seleniumUsers/pro001/Desktop/Dev/Learning/tests/scrapWeb/hello-world/selenium/imaging/images/ho-Is-He.jpguploaded
WITHIN ONE DAY <Key: data.hotoppy.com,i/ho-Is-He.jpg>
3 try: IDS-Virus.jpg
Not Uploading file name: i/IDS-Virus.jpg last-modified: Thu, 19 Feb 2015 00:09:53 GMT
time date 0 keyName: i/IDS-Virus.jpg
time date 1
time date 2
should delete: /Users/pro001/Desktop/Dev/Learning/tests/scrapWeb/hello-world/seleniumUsers/pro001/Desktop/Dev/Learning/tests/scrapWeb/hello-world/selenium/imaging/images/IDS-Virus.jpguploaded
WITHIN ONE DAY <Key: data.hotoppy.com,i/IDS-Virus.jpg>
3 try: ild-Tales.jpg
Not Uploading file name: i/ild-Tales.jpg last-modified: Thu, 19 Feb 2015 18:35:41 GMT
time date 0 keyName: i/ild-Tales.jpg
time date 1
time date 2
should delete: /Users/pro001/Desktop/Dev/Learning/tests/scrapWeb/hello-world/seleniumUsers/pro001/Desktop/Dev/Learning/tests/scrapWeb/hello-world/selenium/imaging/images/ild-Tales.jpguploaded
WITHIN ONE DAY <Key: data.hotoppy.com,i/ild-Tales.jpg>
3 try: imageProc
3 try: ing-David.jpg
Not Uploading file name: i/ing-David.jpg last-modified: Fri, 20 Feb 2015 00:25:57 GMT
time date 0 keyName: i/ing-David.jpg
time date 1
time date 2
should delete: /Users/pro001/Desktop/Dev/Learning/tests/scrapWeb/hello-world/seleniumUsers/pro001/Desktop/Dev/Learning/tests/scrapWeb/hello-world/selenium/imaging/images/ing-David.jpguploaded
WITHIN ONE DAY <Key: data.hotoppy.com,i/ing-David.jpg>
3 try: It-Pizza.jpg
Not Uploading file name: i/It-Pizza.jpg last-modified: Thu, 19 Feb 2015 00:21:55 GMT
time date 0 keyName: i/It-Pizza.jpg
time date 1
time date 2
should delete: /Users/pro001/Desktop/Dev/Learning/tests/scrapWeb/hello-world/seleniumUsers/pro001/Desktop/Dev/Learning/tests/scrapWeb/hello-world/selenium/imaging/images/It-Pizza.jpguploaded
WITHIN ONE DAY <Key: data.hotoppy.com,i/It-Pizza.jpg>
3 try: l-Assault.jpg
Not Uploading file name: i/l-Assault.jpg last-modified: Thu, 19 Feb 2015 00:10:01 GMT
time date 0 keyName: i/l-Assault.jpg
time date 1
time date 2
should delete: /Users/pro001/Desktop/Dev/Learning/tests/scrapWeb/hello-world/seleniumUsers/pro001/Desktop/Dev/Learning/tests/scrapWeb/hello-world/selenium/imaging/images/l-Assault.jpguploaded
WITHIN ONE DAY <Key: data.hotoppy.com,i/l-Assault.jpg>
3 try: laim-Show.jpg
Not Uploading file name: i/laim-Show.jpg last-modified: Wed, 18 Feb 2015 18:36:43 GMT
time date 0 keyName: i/laim-Show.jpg
time date 1
time date 2
should delete: /Users/pro001/Desktop/Dev/Learning/tests/scrapWeb/hello-world/seleniumUsers/pro001/Desktop/Dev/Learning/tests/scrapWeb/hello-world/selenium/imaging/images/laim-Show.jpguploaded
WITHIN ONE DAY <Key: data.hotoppy.com,i/laim-Show.jpg>
3 try: 
3 try: lout-plan.jpg
Not Uploading file name: i/lout-plan.jpg last-modified: Thu, 19 Feb 2015 22:47:52 GMT
time date 0 keyName: i/lout-plan.jpg
time date 1
time date 2
should delete: /Users/pro001/Desktop/Dev/Learning/tests/scrapWeb/hello-world/seleniumUsers/pro001/Desktop/Dev/Learning/tests/scrapWeb/hello-world/selenium/imaging/images/lout-plan.jpguploaded
WITHIN ONE DAY <Key: data.hotoppy.com,i/lout-plan.jpg>
3 try: lphia-Bar.jpg
Not Uploading file name: i/lphia-Bar.jpg last-modified: Wed, 18 Feb 2015 22:03:43 GMT
time date 0 keyName: i/lphia-Bar.jpg
time date 1
time date 2
should delete: /Users/pro001/Desktop/Dev/Learning/tests/scrapWeb/hello-world/seleniumUsers/pro001/Desktop/Dev/Learning/tests/scrapWeb/hello-world/selenium/imaging/images/lphia-Bar.jpguploaded
WITHIN ONE DAY <Key: data.hotoppy.com,i/lphia-Bar.jpg>
3 try: Multiples.jpg
Not Uploading file name: i/Multiples.jpg last-modified: Fri, 20 Feb 2015 00:08:34 GMT
time date 0 keyName: i/Multiples.jpg
time date 1
time date 2
should delete: /Users/pro001/Desktop/Dev/Learning/tests/scrapWeb/hello-world/seleniumUsers/pro001/Desktop/Dev/Learning/tests/scrapWeb/hello-world/selenium/imaging/images/Multiples.jpguploaded
WITHIN ONE DAY <Key: data.hotoppy.com,i/Multiples.jpg>
3 try: n-Dancing.jpg
Not Uploading file name: i/n-Dancing.jpg last-modified: Wed, 18 Feb 2015 18:37:03 GMT
time date 0 keyName: i/n-Dancing.jpg
time date 1
time date 2
should delete: /Users/pro001/Desktop/Dev/Learning/tests/scrapWeb/hello-world/seleniumUsers/pro001/Desktop/Dev/Learning/tests/scrapWeb/hello-world/selenium/imaging/images/n-Dancing.jpguploaded
WITHIN ONE DAY <Key: data.hotoppy.com,i/n-Dancing.jpg>
3 try: n-FBI-Spy.jpg
Not Uploading file name: i/n-FBI-Spy.jpg last-modified: Thu, 19 Feb 2015 02:30:31 GMT
time date 0 keyName: i/n-FBI-Spy.jpg
time date 1
time date 2
should delete: /Users/pro001/Desktop/Dev/Learning/tests/scrapWeb/hello-world/seleniumUsers/pro001/Desktop/Dev/Learning/tests/scrapWeb/hello-world/selenium/imaging/images/n-FBI-Spy.jpguploaded
WITHIN ONE DAY <Key: data.hotoppy.com,i/n-FBI-Spy.jpg>
3 try: n-t-Watch.jpg
Not Uploading file name: i/n-t-Watch.jpg last-modified: Thu, 19 Feb 2015 18:18:30 GMT
time date 0 keyName: i/n-t-Watch.jpg
time date 1
time date 2
should delete: /Users/pro001/Desktop/Dev/Learning/tests/scrapWeb/hello-world/seleniumUsers/pro001/Desktop/Dev/Learning/tests/scrapWeb/hello-world/selenium/imaging/images/n-t-Watch.jpguploaded
WITHIN ONE DAY <Key: data.hotoppy.com,i/n-t-Watch.jpg>
3 try: n-workers.jpg
Not Uploading file name: i/n-workers.jpg last-modified: Thu, 19 Feb 2015 22:48:02 GMT
time date 0 keyName: i/n-workers.jpg
time date 1
time date 2
should delete: /Users/pro001/Desktop/Dev/Learning/tests/scrapWeb/hello-world/seleniumUsers/pro001/Desktop/Dev/Learning/tests/scrapWeb/hello-world/selenium/imaging/images/n-workers.jpguploaded
WITHIN ONE DAY <Key: data.hotoppy.com,i/n-workers.jpg>
3 try: ncy-funds.jpg
Not Uploading file name: i/ncy-funds.jpg last-modified: Wed, 18 Feb 2015 22:19:50 GMT
time date 0 keyName: i/ncy-funds.jpg
time date 1
time date 2
should delete: /Users/pro001/Desktop/Dev/Learning/tests/scrapWeb/hello-world/seleniumUsers/pro001/Desktop/Dev/Learning/tests/scrapWeb/hello-world/selenium/imaging/images/ncy-funds.jpguploaded
WITHIN ONE DAY <Key: data.hotoppy.com,i/ncy-funds.jpg>
3 try: nd----17.jpg
Not Uploading file name: i/nd----17.jpg last-modified: Wed, 18 Feb 2015 18:37:08 GMT
time date 0 keyName: i/nd----17.jpg
time date 1
time date 2
should delete: /Users/pro001/Desktop/Dev/Learning/tests/scrapWeb/hello-world/seleniumUsers/pro001/Desktop/Dev/Learning/tests/scrapWeb/hello-world/selenium/imaging/images/nd----17.jpguploaded
WITHIN ONE DAY <Key: data.hotoppy.com,i/nd----17.jpg>
3 try: ne-Months.jpg
Not Uploading file name: i/ne-Months.jpg last-modified: Fri, 20 Feb 2015 00:26:03 GMT
time date 0 keyName: i/ne-Months.jpg
time date 1
time date 2
should delete: /Users/pro001/Desktop/Dev/Learning/tests/scrapWeb/hello-world/seleniumUsers/pro001/Desktop/Dev/Learning/tests/scrapWeb/hello-world/selenium/imaging/images/ne-Months.jpguploaded
WITHIN ONE DAY <Key: data.hotoppy.com,i/ne-Months.jpg>
3 try: ng-Mother.jpg
Not Uploading file name: i/ng-Mother.jpg last-modified: Thu, 19 Feb 2015 00:32:24 GMT
time date 0 keyName: i/ng-Mother.jpg
time date 1
time date 2
should delete: /Users/pro001/Desktop/Dev/Learning/tests/scrapWeb/hello-world/seleniumUsers/pro001/Desktop/Dev/Learning/tests/scrapWeb/hello-world/selenium/imaging/images/ng-Mother.jpguploaded
WITHIN ONE DAY <Key: data.hotoppy.com,i/ng-Mother.jpg>
3 try: ng-Skills.jpg
Not Uploading file name: i/ng-Skills.jpg last-modified: Thu, 19 Feb 2015 18:36:33 GMT
time date 0 keyName: i/ng-Skills.jpg
time date 1
time date 2
should delete: /Users/pro001/Desktop/Dev/Learning/tests/scrapWeb/hello-world/seleniumUsers/pro001/Desktop/Dev/Learning/tests/scrapWeb/hello-world/selenium/imaging/images/ng-Skills.jpguploaded
WITHIN ONE DAY <Key: data.hotoppy.com,i/ng-Skills.jpg>
3 try: o-See-Her.jpg
Not Uploading file name: i/o-See-Her.jpg last-modified: Thu, 19 Feb 2015 04:13:46 GMT
time date 0 keyName: i/o-See-Her.jpg
time date 1
time date 2
should delete: /Users/pro001/Desktop/Dev/Learning/tests/scrapWeb/hello-world/seleniumUsers/pro001/Desktop/Dev/Learning/tests/scrapWeb/hello-world/selenium/imaging/images/o-See-Her.jpguploaded
WITHIN ONE DAY <Key: data.hotoppy.com,i/o-See-Her.jpg>
3 try: ods-Worse.jpg
Not Uploading file name: i/ods-Worse.jpg last-modified: Thu, 19 Feb 2015 00:10:19 GMT
time date 0 keyName: i/ods-Worse.jpg
time date 1
time date 2
should delete: /Users/pro001/Desktop/Dev/Learning/tests/scrapWeb/hello-world/seleniumUsers/pro001/Desktop/Dev/Learning/tests/scrapWeb/hello-world/selenium/imaging/images/ods-Worse.jpguploaded
WITHIN ONE DAY <Key: data.hotoppy.com,i/ods-Worse.jpg>
3 try: Our-Bangs.jpg
Not Uploading file name: i/Our-Bangs.jpg last-modified: Fri, 20 Feb 2015 19:44:49 GMT
time date 0 keyName: i/Our-Bangs.jpg
time date 1
time date 2
should delete: /Users/pro001/Desktop/Dev/Learning/tests/scrapWeb/hello-world/seleniumUsers/pro001/Desktop/Dev/Learning/tests/scrapWeb/hello-world/selenium/imaging/images/Our-Bangs.jpguploaded
WITHIN ONE DAY <Key: data.hotoppy.com,i/Our-Bangs.jpg>
3 try: p-24-Spot.jpg
Not Uploading file name: i/p-24-Spot.jpg last-modified: Thu, 19 Feb 2015 18:36:58 GMT
time date 0 keyName: i/p-24-Spot.jpg
time date 1
time date 2
should delete: /Users/pro001/Desktop/Dev/Learning/tests/scrapWeb/hello-world/seleniumUsers/pro001/Desktop/Dev/Learning/tests/scrapWeb/hello-world/selenium/imaging/images/p-24-Spot.jpguploaded
WITHIN ONE DAY <Key: data.hotoppy.com,i/p-24-Spot.jpg>
3 try: p-to-Mars.jpg
Not Uploading file name: i/p-to-Mars.jpg last-modified: Thu, 19 Feb 2015 22:48:29 GMT
time date 0 keyName: i/p-to-Mars.jpg
time date 1
time date 2
should delete: /Users/pro001/Desktop/Dev/Learning/tests/scrapWeb/hello-world/seleniumUsers/pro001/Desktop/Dev/Learning/tests/scrapWeb/hello-world/selenium/imaging/images/p-to-Mars.jpguploaded
WITHIN ONE DAY <Key: data.hotoppy.com,i/p-to-Mars.jpg>
3 try: r-Attacks.jpg
Not Uploading file name: i/r-Attacks.jpg last-modified: Thu, 19 Feb 2015 20:43:02 GMT
time date 0 keyName: i/r-Attacks.jpg
time date 1
time date 2
should delete: /Users/pro001/Desktop/Dev/Learning/tests/scrapWeb/hello-world/seleniumUsers/pro001/Desktop/Dev/Learning/tests/scrapWeb/hello-world/selenium/imaging/images/r-Attacks.jpguploaded
WITHIN ONE DAY <Key: data.hotoppy.com,i/r-Attacks.jpg>
3 try: r-Parents.jpg
Not Uploading file name: i/r-Parents.jpg last-modified: Wed, 18 Feb 2015 18:20:34 GMT
time date 0 keyName: i/r-Parents.jpg
time date 1
time date 2
should delete: /Users/pro001/Desktop/Dev/Learning/tests/scrapWeb/hello-world/seleniumUsers/pro001/Desktop/Dev/Learning/tests/scrapWeb/hello-world/selenium/imaging/images/r-Parents.jpguploaded
WITHIN ONE DAY <Key: data.hotoppy.com,i/r-Parents.jpg>
3 try: Right-Now.jpg
Not Uploading file name: i/Right-Now.jpg last-modified: Thu, 19 Feb 2015 00:10:27 GMT
time date 0 keyName: i/Right-Now.jpg
time date 1
time date 2
should delete: /Users/pro001/Desktop/Dev/Learning/tests/scrapWeb/hello-world/seleniumUsers/pro001/Desktop/Dev/Learning/tests/scrapWeb/hello-world/selenium/imaging/images/Right-Now.jpguploaded
WITHIN ONE DAY <Key: data.hotoppy.com,i/Right-Now.jpg>
3 try: rland-USA.jpg
Not Uploading file name: i/rland-USA.jpg last-modified: Thu, 19 Feb 2015 18:37:12 GMT
time date 0 keyName: i/rland-USA.jpg
time date 1
time date 2
should delete: /Users/pro001/Desktop/Dev/Learning/tests/scrapWeb/hello-world/seleniumUsers/pro001/Desktop/Dev/Learning/tests/scrapWeb/hello-world/selenium/imaging/images/rland-USA.jpguploaded
WITHIN ONE DAY <Key: data.hotoppy.com,i/rland-USA.jpg>
3 try: rosecutor.jpg
Not Uploading file name: i/rosecutor.jpg last-modified: Wed, 18 Feb 2015 18:38:02 GMT
time date 0 keyName: i/rosecutor.jpg
time date 1
time date 2
should delete: /Users/pro001/Desktop/Dev/Learning/tests/scrapWeb/hello-world/seleniumUsers/pro001/Desktop/Dev/Learning/tests/scrapWeb/hello-world/selenium/imaging/images/rosecutor.jpguploaded
WITHIN ONE DAY <Key: data.hotoppy.com,i/rosecutor.jpg>
3 try: s-of-game.jpg
Not Uploading file name: i/s-of-game.jpg last-modified: Fri, 20 Feb 2015 00:18:00 GMT
time date 0 keyName: i/s-of-game.jpg
time date 1
time date 2
should delete: /Users/pro001/Desktop/Dev/Learning/tests/scrapWeb/hello-world/seleniumUsers/pro001/Desktop/Dev/Learning/tests/scrapWeb/hello-world/selenium/imaging/images/s-of-game.jpguploaded
WITHIN ONE DAY <Key: data.hotoppy.com,i/s-of-game.jpg>
3 try: s-Of-Grey.jpg
Not Uploading file name: i/s-Of-Grey.jpg last-modified: Wed, 18 Feb 2015 18:38:12 GMT
time date 0 keyName: i/s-Of-Grey.jpg
time date 1
time date 2
should delete: /Users/pro001/Desktop/Dev/Learning/tests/scrapWeb/hello-world/seleniumUsers/pro001/Desktop/Dev/Learning/tests/scrapWeb/hello-world/selenium/imaging/images/s-Of-Grey.jpguploaded
WITHIN ONE DAY <Key: data.hotoppy.com,i/s-Of-Grey.jpg>
3 try: s-traffic.jpg
Not Uploading file name: i/s-traffic.jpg last-modified: Wed, 18 Feb 2015 18:38:15 GMT
time date 0 keyName: i/s-traffic.jpg
time date 1
time date 2
should delete: /Users/pro001/Desktop/Dev/Learning/tests/scrapWeb/hello-world/seleniumUsers/pro001/Desktop/Dev/Learning/tests/scrapWeb/hello-world/selenium/imaging/images/s-traffic.jpguploaded
WITHIN ONE DAY <Key: data.hotoppy.com,i/s-traffic.jpg>
3 try: SIC-VIDEO.jpg
Not Uploading file name: i/SIC-VIDEO.jpg last-modified: Fri, 20 Feb 2015 05:01:45 GMT
time date 0 keyName: i/SIC-VIDEO.jpg
time date 1
time date 2
should delete: /Users/pro001/Desktop/Dev/Learning/tests/scrapWeb/hello-world/seleniumUsers/pro001/Desktop/Dev/Learning/tests/scrapWeb/hello-world/selenium/imaging/images/SIC-VIDEO.jpguploaded
WITHIN ONE DAY <Key: data.hotoppy.com,i/SIC-VIDEO.jpg>
3 try: Spotlight.jpg
Not Uploading file name: i/Spotlight.jpg last-modified: Wed, 18 Feb 2015 18:20:51 GMT
time date 0 keyName: i/Spotlight.jpg
time date 1
time date 2
should delete: /Users/pro001/Desktop/Dev/Learning/tests/scrapWeb/hello-world/seleniumUsers/pro001/Desktop/Dev/Learning/tests/scrapWeb/hello-world/selenium/imaging/images/Spotlight.jpguploaded
WITHIN ONE DAY <Key: data.hotoppy.com,i/Spotlight.jpg>
3 try: t--Alien.jpg
Not Uploading file name: i/t--Alien.jpg last-modified: Thu, 19 Feb 2015 22:48:59 GMT
time date 0 keyName: i/t--Alien.jpg
time date 1
time date 2
should delete: /Users/pro001/Desktop/Dev/Learning/tests/scrapWeb/hello-world/seleniumUsers/pro001/Desktop/Dev/Learning/tests/scrapWeb/hello-world/selenium/imaging/images/t--Alien.jpguploaded
WITHIN ONE DAY <Key: data.hotoppy.com,i/t--Alien.jpg>
3 try: The-Slap.jpg
Not Uploading file name: i/The-Slap.jpg last-modified: Fri, 20 Feb 2015 19:44:58 GMT
time date 0 keyName: i/The-Slap.jpg
time date 1
time date 2
should delete: /Users/pro001/Desktop/Dev/Learning/tests/scrapWeb/hello-world/seleniumUsers/pro001/Desktop/Dev/Learning/tests/scrapWeb/hello-world/selenium/imaging/images/The-Slap.jpguploaded
WITHIN ONE DAY <Key: data.hotoppy.com,i/The-Slap.jpg>
3 try: the-world.jpg
Not Uploading file name: i/the-world.jpg last-modified: Wed, 18 Feb 2015 22:20:21 GMT
time date 0 keyName: i/the-world.jpg
time date 1
time date 2
should delete: /Users/pro001/Desktop/Dev/Learning/tests/scrapWeb/hello-world/seleniumUsers/pro001/Desktop/Dev/Learning/tests/scrapWeb/hello-world/selenium/imaging/images/the-world.jpguploaded
WITHIN ONE DAY <Key: data.hotoppy.com,i/the-world.jpg>
3 try: ther-Apps.jpg
Not Uploading file name: i/ther-Apps.jpg last-modified: Thu, 19 Feb 2015 18:19:43 GMT
time date 0 keyName: i/ther-Apps.jpg
time date 1
time date 2
should delete: /Users/pro001/Desktop/Dev/Learning/tests/scrapWeb/hello-world/seleniumUsers/pro001/Desktop/Dev/Learning/tests/scrapWeb/hello-world/selenium/imaging/images/ther-Apps.jpguploaded
WITHIN ONE DAY <Key: data.hotoppy.com,i/ther-Apps.jpg>
3 try: tin-Short.jpg
Not Uploading file name: i/tin-Short.jpg last-modified: Fri, 20 Feb 2015 19:45:00 GMT
time date 0 keyName: i/tin-Short.jpg
time date 1
time date 2
should delete: /Users/pro001/Desktop/Dev/Learning/tests/scrapWeb/hello-world/seleniumUsers/pro001/Desktop/Dev/Learning/tests/scrapWeb/hello-world/selenium/imaging/images/tin-Short.jpguploaded
WITHIN ONE DAY <Key: data.hotoppy.com,i/tin-Short.jpg>
3 try: tive-Care.jpg
Not Uploading file name: i/tive-Care.jpg last-modified: Wed, 18 Feb 2015 18:21:03 GMT
time date 0 keyName: i/tive-Care.jpg
time date 1
time date 2
should delete: /Users/pro001/Desktop/Dev/Learning/tests/scrapWeb/hello-world/seleniumUsers/pro001/Desktop/Dev/Learning/tests/scrapWeb/hello-world/selenium/imaging/images/tive-Care.jpguploaded
WITHIN ONE DAY <Key: data.hotoppy.com,i/tive-Care.jpg>
3 try: To-Church.jpg
Not Uploading file name: i/To-Church.jpg last-modified: Wed, 18 Feb 2015 18:38:47 GMT
time date 0 keyName: i/To-Church.jpg
time date 1
time date 2
should delete: /Users/pro001/Desktop/Dev/Learning/tests/scrapWeb/hello-world/seleniumUsers/pro001/Desktop/Dev/Learning/tests/scrapWeb/hello-world/selenium/imaging/images/To-Church.jpguploaded
WITHIN ONE DAY <Key: data.hotoppy.com,i/To-Church.jpg>
3 try: to-Nisman.jpg
Not Uploading file name: i/to-Nisman.jpg last-modified: Thu, 19 Feb 2015 04:42:05 GMT
time date 0 keyName: i/to-Nisman.jpg
time date 1
time date 2
should delete: /Users/pro001/Desktop/Dev/Learning/tests/scrapWeb/hello-world/seleniumUsers/pro001/Desktop/Dev/Learning/tests/scrapWeb/hello-world/selenium/imaging/images/to-Nisman.jpguploaded
WITHIN ONE DAY <Key: data.hotoppy.com,i/to-Nisman.jpg>
3 try: to-the-US.jpg
Not Uploading file name: i/to-the-US.jpg last-modified: Thu, 19 Feb 2015 22:49:11 GMT
time date 0 keyName: i/to-the-US.jpg
time date 1
time date 2
should delete: /Users/pro001/Desktop/Dev/Learning/tests/scrapWeb/hello-world/seleniumUsers/pro001/Desktop/Dev/Learning/tests/scrapWeb/hello-world/selenium/imaging/images/to-the-US.jpguploaded
WITHIN ONE DAY <Key: data.hotoppy.com,i/to-the-US.jpg>
3 try: ts-Misery.jpg
Not Uploading file name: i/ts-Misery.jpg last-modified: Thu, 19 Feb 2015 22:18:50 GMT
time date 0 keyName: i/ts-Misery.jpg
time date 1
time date 2
should delete: /Users/pro001/Desktop/Dev/Learning/tests/scrapWeb/hello-world/seleniumUsers/pro001/Desktop/Dev/Learning/tests/scrapWeb/hello-world/selenium/imaging/images/ts-Misery.jpguploaded
WITHIN ONE DAY <Key: data.hotoppy.com,i/ts-Misery.jpg>
3 try: u-Rather.jpg
Not Uploading file name: i/u-Rather.jpg last-modified: Thu, 19 Feb 2015 18:37:53 GMT
time date 0 keyName: i/u-Rather.jpg
time date 1
time date 2
should delete: /Users/pro001/Desktop/Dev/Learning/tests/scrapWeb/hello-world/seleniumUsers/pro001/Desktop/Dev/Learning/tests/scrapWeb/hello-world/selenium/imaging/images/u-Rather.jpguploaded
WITHIN ONE DAY <Key: data.hotoppy.com,i/u-Rather.jpg>
3 try: uidelines.jpg
Not Uploading file name: i/uidelines.jpg last-modified: Fri, 20 Feb 2015 00:26:14 GMT
time date 0 keyName: i/uidelines.jpg
time date 1
time date 2
should delete: /Users/pro001/Desktop/Dev/Learning/tests/scrapWeb/hello-world/seleniumUsers/pro001/Desktop/Dev/Learning/tests/scrapWeb/hello-world/selenium/imaging/images/uidelines.jpguploaded
WITHIN ONE DAY <Key: data.hotoppy.com,i/uidelines.jpg>
3 try: Up-To-All.jpg
Not Uploading file name: i/Up-To-All.jpg last-modified: Thu, 19 Feb 2015 20:43:39 GMT
time date 0 keyName: i/Up-To-All.jpg
time date 1
time date 2
should delete: /Users/pro001/Desktop/Dev/Learning/tests/scrapWeb/hello-world/seleniumUsers/pro001/Desktop/Dev/Learning/tests/scrapWeb/hello-world/selenium/imaging/images/Up-To-All.jpguploaded
WITHIN ONE DAY <Key: data.hotoppy.com,i/Up-To-All.jpg>
3 try: usinesses.jpg
Not Uploading file name: i/usinesses.jpg last-modified: Thu, 19 Feb 2015 20:43:40 GMT
time date 0 keyName: i/usinesses.jpg
time date 1
time date 2
should delete: /Users/pro001/Desktop/Dev/Learning/tests/scrapWeb/hello-world/seleniumUsers/pro001/Desktop/Dev/Learning/tests/scrapWeb/hello-world/selenium/imaging/images/usinesses.jpguploaded
WITHIN ONE DAY <Key: data.hotoppy.com,i/usinesses.jpg>
3 try: Vani-
Not Uploading file name: i/Vani-Hari.jpg last-modified: Wed, 18 Feb 2015 18:39:01 GMT
time date 0 keyName: i/Vani-Hari.jpg
time date 1
time date 2
should delete: /Users/pro001/Desktop/Dev/Learning/tests/scrapWeb/hello-world/seleniumUsers/pro001/Desktop/Dev/Learning/tests/scrapWeb/hello-world/selenium/imaging/images/Vani-Hari.jpg
3 try: ve-Drinks.jpg
Not Uploading file name: i/ve-Drinks.jpg last-modified: Thu, 19 Feb 2015 22:49:21 GMT
time date 0 keyName: i/ve-Drinks.jpg
time date 1
time date 2
should delete: /Users/pro001/Desktop/Dev/Learning/tests/scrapWeb/hello-world/seleniumUsers/pro001/Desktop/Dev/Learning/tests/scrapWeb/hello-world/selenium/imaging/images/ve-Drinks.jpguploaded
WITHIN ONE DAY <Key: data.hotoppy.com,i/ve-Drinks.jpg>
3 try: ve-Lounge.jpg
Not Uploading file name: i/ve-Lounge.jpg last-modified: Fri, 20 Feb 2015 05:01:57 GMT
time date 0 keyName: i/ve-Lounge.jpg
time date 1
time date 2
should delete: /Users/pro001/Desktop/Dev/Learning/tests/scrapWeb/hello-world/seleniumUsers/pro001/Desktop/Dev/Learning/tests/scrapWeb/hello-world/selenium/imaging/images/ve-Lounge.jpguploaded
WITHIN ONE DAY <Key: data.hotoppy.com,i/ve-Lounge.jpg>
3 try: y-Problem.jpg
Not Uploading file name: i/y-Problem.jpg last-modified: Thu, 19 Feb 2015 18:52:00 GMT
time date 0 keyName: i/y-Problem.jpg
time date 1
time date 2
should delete: /Users/pro001/Desktop/Dev/Learning/tests/scrapWeb/hello-world/seleniumUsers/pro001/Desktop/Dev/Learning/tests/scrapWeb/hello-world/selenium/imaging/images/y-Problem.jpguploaded
WITHIN ONE DAY <Key: data.hotoppy.com,i/y-Problem.jpg>
0 ext: .jpg
1
2
3 try: .
3 try: Fri Feb 20 10:00:00 PST 
3 try: Thu Feb 19 10:00:00 PST 
3 try: Thu Feb 19 12:00:00 PST 
3 try: Thu Feb 19 14:00:01 PST 
3 try: Thu Feb 19 16:00:00 PST 
3 try: Thu Feb 19 18:00:01 PST 
3 try: Thu Feb 19 20:00:00 PST 
