number of args: 1


START ----18-4M.jpguploaded
START imagePath /Users/pro001/Desktop/dev/Learning/tests/scrapWeb/hello-world/selenium/imaging/images/----18-4M.jpguploaded
identify1: JPEG 465x300
identify2: JPEG 465x300
imageExtension: 
imageWidth: 465 imageHeight: 300
WARNING: didUpload


START ----23-3M.jpguploaded
START imagePath /Users/pro001/Desktop/dev/Learning/tests/scrapWeb/hello-world/selenium/imaging/images/----23-3M.jpguploaded
identify1: JPEG 465x300
identify2: JPEG 465x300
imageExtension: 
imageWidth: 465 imageHeight: 300
WARNING: didUpload


START ----55-4M.jpguploaded
START imagePath /Users/pro001/Desktop/dev/Learning/tests/scrapWeb/hello-world/selenium/imaging/images/----55-4M.jpguploaded
identify1: JPEG 465x300
identify2: JPEG 465x300
imageExtension: 
imageWidth: 465 imageHeight: 300
WARNING: didUpload


START --2-11-15.jpguploaded
START imagePath /Users/pro001/Desktop/dev/Learning/tests/scrapWeb/hello-world/selenium/imaging/images/--2-11-15.jpguploaded
identify1: JPEG 465x300
identify2: JPEG 465x300
imageExtension: 
imageWidth: 465 imageHeight: 300
WARNING: didUpload


START --Ep--14.jpguploaded
START imagePath /Users/pro001/Desktop/dev/Learning/tests/scrapWeb/hello-world/selenium/imaging/images/--Ep--14.jpguploaded
identify1: JPEG 320x180
identify2: JPEG 320x180
imageExtension: 
imageWidth: 320 imageHeight: 180
WARNING: didUpload


START --Triumph.jpguploaded
START imagePath /Users/pro001/Desktop/dev/Learning/tests/scrapWeb/hello-world/selenium/imaging/images/--Triumph.jpguploaded
identify1: JPEG 465x300
identify2: JPEG 465x300
imageExtension: 
imageWidth: 465 imageHeight: 300
WARNING: didUpload


START --comment.jpguploaded
START imagePath /Users/pro001/Desktop/dev/Learning/tests/scrapWeb/hello-world/selenium/imaging/images/--comment.jpguploaded
identify1: JPEG 465x300
identify2: JPEG 465x300
imageExtension: 
imageWidth: 465 imageHeight: 300
WARNING: didUpload


START -Al-Qaeda.jpguploaded
START imagePath /Users/pro001/Desktop/dev/Learning/tests/scrapWeb/hello-world/selenium/imaging/images/-Al-Qaeda.jpguploaded
identify1: JPEG 465x300
identify2: JPEG 465x300
imageExtension: 
imageWidth: 465 imageHeight: 300
WARNING: didUpload


START -Bentley.jpguploaded
START imagePath /Users/pro001/Desktop/dev/Learning/tests/scrapWeb/hello-world/selenium/imaging/images/-Bentley.jpguploaded
identify1: JPEG 465x300
identify2: JPEG 465x300
imageExtension: 
imageWidth: 465 imageHeight: 300
WARNING: didUpload


START -Building.jpguploaded
START imagePath /Users/pro001/Desktop/dev/Learning/tests/scrapWeb/hello-world/selenium/imaging/images/-Building.jpguploaded
identify1: JPEG 465x300
identify2: JPEG 465x300
imageExtension: 
imageWidth: 465 imageHeight: 300
WARNING: didUpload


START -Business.jpguploaded
START imagePath /Users/pro001/Desktop/dev/Learning/tests/scrapWeb/hello-world/selenium/imaging/images/-Business.jpguploaded
identify1: JPEG 465x300
identify2: JPEG 465x300
imageExtension: 
imageWidth: 465 imageHeight: 300
WARNING: didUpload


START -Ends-in.jpguploaded
START imagePath /Users/pro001/Desktop/dev/Learning/tests/scrapWeb/hello-world/selenium/imaging/images/-Ends-in.jpguploaded
identify1: JPEG 465x300
identify2: JPEG 465x300
imageExtension: 
imageWidth: 465 imageHeight: 300
WARNING: didUpload


START -Engineer.jpguploaded
START imagePath /Users/pro001/Desktop/dev/Learning/tests/scrapWeb/hello-world/selenium/imaging/images/-Engineer.jpguploaded
identify1: JPEG 465x300
identify2: JPEG 465x300
imageExtension: 
imageWidth: 465 imageHeight: 300
WARNING: didUpload


START -Governor.jpguploaded
START imagePath /Users/pro001/Desktop/dev/Learning/tests/scrapWeb/hello-world/selenium/imaging/images/-Governor.jpguploaded
identify1: JPEG 570x351
identify2: JPEG 570x351
imageExtension: 
imageWidth: 570 imageHeight: 351
WARNING: didUpload


START -Grenade.jpguploaded
START imagePath /Users/pro001/Desktop/dev/Learning/tests/scrapWeb/hello-world/selenium/imaging/images/-Grenade.jpguploaded
identify1: JPEG 465x300
identify2: JPEG 465x300
imageExtension: 
imageWidth: 465 imageHeight: 300
WARNING: didUpload


START -Insanity.jpguploaded
START imagePath /Users/pro001/Desktop/dev/Learning/tests/scrapWeb/hello-world/selenium/imaging/images/-Insanity.jpguploaded
identify1: JPEG 465x300
identify2: JPEG 465x300
imageExtension: 
imageWidth: 465 imageHeight: 300
WARNING: didUpload


START -Movie-HD.jpguploaded
START imagePath /Users/pro001/Desktop/dev/Learning/tests/scrapWeb/hello-world/selenium/imaging/images/-Movie-HD.jpguploaded
identify1: JPEG 465x300
identify2: JPEG 465x300
imageExtension: 
imageWidth: 465 imageHeight: 300
WARNING: didUpload


START -Payments.jpguploaded
START imagePath /Users/pro001/Desktop/dev/Learning/tests/scrapWeb/hello-world/selenium/imaging/images/-Payments.jpguploaded
identify1: JPEG 465x300
identify2: JPEG 465x300
imageExtension: 
imageWidth: 465 imageHeight: 300
WARNING: didUpload


START -SEASON-1.jpguploaded
START imagePath /Users/pro001/Desktop/dev/Learning/tests/scrapWeb/hello-world/selenium/imaging/images/-SEASON-1.jpguploaded
identify1: JPEG 465x300
identify2: JPEG 465x300
imageExtension: 
imageWidth: 465 imageHeight: 300
WARNING: didUpload


START -SPECTRE.jpguploaded
START imagePath /Users/pro001/Desktop/dev/Learning/tests/scrapWeb/hello-world/selenium/imaging/images/-SPECTRE.jpguploaded
identify1: JPEG 465x300
identify2: JPEG 465x300
imageExtension: 
imageWidth: 465 imageHeight: 300
WARNING: didUpload


START -Says-WSJ.jpguploaded
START imagePath /Users/pro001/Desktop/dev/Learning/tests/scrapWeb/hello-world/selenium/imaging/images/-Says-WSJ.jpguploaded
identify1: JPEG 465x300
identify2: JPEG 465x300
imageExtension: 
imageWidth: 465 imageHeight: 300
WARNING: didUpload


START -Together.jpguploaded
START imagePath /Users/pro001/Desktop/dev/Learning/tests/scrapWeb/hello-world/selenium/imaging/images/-Together.jpguploaded
identify1: JPEG 465x300
identify2: JPEG 465x300
imageExtension: 
imageWidth: 465 imageHeight: 300
WARNING: didUpload


START -air-base.jpguploaded
START imagePath /Users/pro001/Desktop/dev/Learning/tests/scrapWeb/hello-world/selenium/imaging/images/-air-base.jpguploaded
identify1: JPEG 620x372
identify2: JPEG 620x372
imageExtension: 
imageWidth: 620 imageHeight: 372
WARNING: didUpload


START -isis-war.jpguploaded
START imagePath /Users/pro001/Desktop/dev/Learning/tests/scrapWeb/hello-world/selenium/imaging/images/-isis-war.jpguploaded
identify1: JPEG 465x300
identify2: JPEG 465x300
imageExtension: 
imageWidth: 465 imageHeight: 300
WARNING: didUpload


START -licenses.jpguploaded
START imagePath /Users/pro001/Desktop/dev/Learning/tests/scrapWeb/hello-world/selenium/imaging/images/-licenses.jpguploaded
identify1: JPEG 465x300
identify2: JPEG 465x300
imageExtension: 
imageWidth: 465 imageHeight: 300
WARNING: didUpload


START -megastar.jpguploaded
START imagePath /Users/pro001/Desktop/dev/Learning/tests/scrapWeb/hello-world/selenium/imaging/images/-megastar.jpguploaded
identify1: JPEG 465x300
identify2: JPEG 465x300
imageExtension: 
imageWidth: 465 imageHeight: 300
WARNING: didUpload


START -national.jpguploaded
START imagePath /Users/pro001/Desktop/dev/Learning/tests/scrapWeb/hello-world/selenium/imaging/images/-national.jpguploaded
identify1: JPEG 640x360
identify2: JPEG 640x360
imageExtension: 
imageWidth: 640 imageHeight: 360
WARNING: didUpload


START -of-Cards.jpguploaded
START imagePath /Users/pro001/Desktop/dev/Learning/tests/scrapWeb/hello-world/selenium/imaging/images/-of-Cards.jpguploaded
identify1: JPEG 465x300
identify2: JPEG 465x300
imageExtension: 
imageWidth: 465 imageHeight: 300
WARNING: didUpload


START -on-alert.jpguploaded
START imagePath /Users/pro001/Desktop/dev/Learning/tests/scrapWeb/hello-world/selenium/imaging/images/-on-alert.jpguploaded
identify1: JPEG 465x300
identify2: JPEG 465x300
imageExtension: 
imageWidth: 465 imageHeight: 300
WARNING: didUpload


START -peaceful.jpguploaded
START imagePath /Users/pro001/Desktop/dev/Learning/tests/scrapWeb/hello-world/selenium/imaging/images/-peaceful.jpguploaded
identify1: JPEG 640x360
identify2: JPEG 640x360
imageExtension: 
imageWidth: 640 imageHeight: 360
WARNING: didUpload


START -revealed.jpguploaded
START imagePath /Users/pro001/Desktop/dev/Learning/tests/scrapWeb/hello-world/selenium/imaging/images/-revealed.jpguploaded
identify1: JPEG 465x300
identify2: JPEG 465x300
imageExtension: 
imageWidth: 465 imageHeight: 300
WARNING: didUpload


START -strategy.jpguploaded
START imagePath /Users/pro001/Desktop/dev/Learning/tests/scrapWeb/hello-world/selenium/imaging/images/-strategy.jpguploaded
identify1: JPEG 465x300
identify2: JPEG 465x300
imageExtension: 
imageWidth: 465 imageHeight: 300
WARNING: didUpload


START 000-Years.jpguploaded
START imagePath /Users/pro001/Desktop/dev/Learning/tests/scrapWeb/hello-world/selenium/imaging/images/000-Years.jpguploaded
identify1: JPEG 465x300
identify2: JPEG 465x300
imageExtension: 
imageWidth: 465 imageHeight: 300
WARNING: didUpload


START AN-on-TBS.jpguploaded
START imagePath /Users/pro001/Desktop/dev/Learning/tests/scrapWeb/hello-world/selenium/imaging/images/AN-on-TBS.jpguploaded
identify1: JPEG 465x300
identify2: JPEG 465x300
imageExtension: 
imageWidth: 465 imageHeight: 300
WARNING: didUpload


START Advantage.jpguploaded
START imagePath /Users/pro001/Desktop/dev/Learning/tests/scrapWeb/hello-world/selenium/imaging/images/Advantage.jpguploaded
identify1: JPEG 465x300
identify2: JPEG 465x300
imageExtension: 
imageWidth: 465 imageHeight: 300
WARNING: didUpload


START C-Subway.jpguploaded
START imagePath /Users/pro001/Desktop/dev/Learning/tests/scrapWeb/hello-world/selenium/imaging/images/C-Subway.jpguploaded
identify1: JPEG 320x180
identify2: JPEG 320x180
imageExtension: 
imageWidth: 320 imageHeight: 180
WARNING: didUpload


START Chemicals.jpguploaded
START imagePath /Users/pro001/Desktop/dev/Learning/tests/scrapWeb/hello-world/selenium/imaging/images/Chemicals.jpguploaded
identify1: JPEG 465x300
identify2: JPEG 465x300
imageExtension: 
imageWidth: 465 imageHeight: 300
WARNING: didUpload


START Come-From.jpguploaded
START imagePath /Users/pro001/Desktop/dev/Learning/tests/scrapWeb/hello-world/selenium/imaging/images/Come-From.jpguploaded
identify1: JPEG 220x124
identify2: JPEG 220x124
imageExtension: 
imageWidth: 220 imageHeight: 124
WARNING: didUpload


START Education.jpguploaded
START imagePath /Users/pro001/Desktop/dev/Learning/tests/scrapWeb/hello-world/selenium/imaging/images/Education.jpguploaded
identify1: JPEG 465x300
identify2: JPEG 465x300
imageExtension: 
imageWidth: 465 imageHeight: 300
WARNING: didUpload


START Grey--em.jpguploaded
START imagePath /Users/pro001/Desktop/dev/Learning/tests/scrapWeb/hello-world/selenium/imaging/images/Grey--em.jpguploaded
identify1: JPEG 465x300
identify2: JPEG 465x300
imageExtension: 
imageWidth: 465 imageHeight: 300
WARNING: didUpload


START High-Note.jpguploaded
START imagePath /Users/pro001/Desktop/dev/Learning/tests/scrapWeb/hello-world/selenium/imaging/images/High-Note.jpguploaded
identify1: JPEG 465x300
identify2: JPEG 465x300
imageExtension: 
imageWidth: 465 imageHeight: 300
WARNING: didUpload


START Hypocrite.jpguploaded
START imagePath /Users/pro001/Desktop/dev/Learning/tests/scrapWeb/hello-world/selenium/imaging/images/Hypocrite.jpguploaded
identify1: JPEG 465x300
identify2: JPEG 465x300
imageExtension: 
imageWidth: 465 imageHeight: 300
WARNING: didUpload


START Kitty-S-M.jpguploaded
START imagePath /Users/pro001/Desktop/dev/Learning/tests/scrapWeb/hello-world/selenium/imaging/images/Kitty-S-M.jpguploaded
identify1: JPEG 465x300
identify2: JPEG 465x300
imageExtension: 
imageWidth: 465 imageHeight: 300
WARNING: didUpload


START Letterman.jpguploaded
START imagePath /Users/pro001/Desktop/dev/Learning/tests/scrapWeb/hello-world/selenium/imaging/images/Letterman.jpguploaded
identify1: JPEG 465x300
identify2: JPEG 465x300
imageExtension: 
imageWidth: 465 imageHeight: 300
WARNING: didUpload


START MAMA-BEAR.jpguploaded
START imagePath /Users/pro001/Desktop/dev/Learning/tests/scrapWeb/hello-world/selenium/imaging/images/MAMA-BEAR.jpguploaded
identify1: JPEG 465x300
identify2: JPEG 465x300
imageExtension: 
imageWidth: 465 imageHeight: 300
WARNING: didUpload


START Not-Banks.jpguploaded
START imagePath /Users/pro001/Desktop/dev/Learning/tests/scrapWeb/hello-world/selenium/imaging/images/Not-Banks.jpguploaded
identify1: JPEG 465x300
identify2: JPEG 465x300
imageExtension: 
imageWidth: 465 imageHeight: 300
WARNING: didUpload


START Obamacare.jpguploaded
START imagePath /Users/pro001/Desktop/dev/Learning/tests/scrapWeb/hello-world/selenium/imaging/images/Obamacare.jpguploaded
identify1: JPEG 465x300
identify2: JPEG 465x300
imageExtension: 
imageWidth: 465 imageHeight: 300
WARNING: didUpload


START Special.jpguploaded
START imagePath /Users/pro001/Desktop/dev/Learning/tests/scrapWeb/hello-world/selenium/imaging/images/Special.jpguploaded
identify1: JPEG 465x300
identify2: JPEG 465x300
imageExtension: 
imageWidth: 465 imageHeight: 300
WARNING: didUpload


START Spike-Lee.jpguploaded
START imagePath /Users/pro001/Desktop/dev/Learning/tests/scrapWeb/hello-world/selenium/imaging/images/Spike-Lee.jpguploaded
identify1: JPEG 570x389
identify2: JPEG 570x389
imageExtension: 
imageWidth: 570 imageHeight: 389
WARNING: didUpload


START Vani-Hari.jpguploaded
START imagePath /Users/pro001/Desktop/dev/Learning/tests/scrapWeb/hello-world/selenium/imaging/images/Vani-Hari.jpguploaded
identify1: JPEG 465x300
identify2: JPEG 465x300
imageExtension: 
imageWidth: 465 imageHeight: 300
WARNING: didUpload


START a-Johnson.jpguploaded
START imagePath /Users/pro001/Desktop/dev/Learning/tests/scrapWeb/hello-world/selenium/imaging/images/a-Johnson.jpguploaded
identify1: JPEG 465x300
identify2: JPEG 465x300
imageExtension: 
imageWidth: 465 imageHeight: 300
WARNING: didUpload


START an-Eraser.jpg
START imagePath /Users/pro001/Desktop/dev/Learning/tests/scrapWeb/hello-world/selenium/imaging/images/an-Eraser.jpg
identify1: JPEG 465x300
identify2: JPEG 465x300
imageExtension: jpg
imageWidth: 465 imageHeight: 300
PROCESSING: /usr/local/bin/convert /Users/pro001/Desktop/dev/Learning/tests/scrapWeb/hello-world/selenium/imaging/images/an-Eraser.jpg -resize 465x -gravity center -background white -extent 465x300 -crop 465x300 /Users/pro001/Desktop/dev/Learning/tests/scrapWeb/hello-world/selenium/imaging/images/an-Eraser.jpg



START an-Reedus.jpguploaded
START imagePath /Users/pro001/Desktop/dev/Learning/tests/scrapWeb/hello-world/selenium/imaging/images/an-Reedus.jpguploaded
identify1: JPEG 320x180
identify2: JPEG 320x180
imageExtension: jpg
imageWidth: 320 imageHeight: 180
WARNING: didUpload


START ank-space.jpg
START imagePath /Users/pro001/Desktop/dev/Learning/tests/scrapWeb/hello-world/selenium/imaging/images/ank-space.jpg
identify1: JPEG 465x300
identify2: JPEG 465x300
imageExtension: jpg
imageWidth: 465 imageHeight: 300
PROCESSING: /usr/local/bin/convert /Users/pro001/Desktop/dev/Learning/tests/scrapWeb/hello-world/selenium/imaging/images/ank-space.jpg -resize 465x -gravity center -background white -extent 465x300 -crop 465x300 /Users/pro001/Desktop/dev/Learning/tests/scrapWeb/hello-world/selenium/imaging/images/ank-space.jpg



START apel-hill.jpguploaded
START imagePath /Users/pro001/Desktop/dev/Learning/tests/scrapWeb/hello-world/selenium/imaging/images/apel-hill.jpguploaded
identify1: JPEG 465x300
identify2: JPEG 465x300
imageExtension: jpg
imageWidth: 465 imageHeight: 300
WARNING: didUpload


START art-Built.jpg
START imagePath /Users/pro001/Desktop/dev/Learning/tests/scrapWeb/hello-world/selenium/imaging/images/art-Built.jpg
identify1: JPEG 465x300
identify2: JPEG 465x300
imageExtension: jpg
imageWidth: 465 imageHeight: 300
PROCESSING: /usr/local/bin/convert /Users/pro001/Desktop/dev/Learning/tests/scrapWeb/hello-world/selenium/imaging/images/art-Built.jpg -resize 465x -gravity center -background white -extent 465x300 -crop 465x300 /Users/pro001/Desktop/dev/Learning/tests/scrapWeb/hello-world/selenium/imaging/images/art-Built.jpg



START ate-Crime.jpguploaded
START imagePath /Users/pro001/Desktop/dev/Learning/tests/scrapWeb/hello-world/selenium/imaging/images/ate-Crime.jpguploaded
identify1: JPEG 465x300
identify2: JPEG 465x300
imageExtension: jpg
imageWidth: 465 imageHeight: 300
WARNING: didUpload


START ay-Unions.jpg
START imagePath /Users/pro001/Desktop/dev/Learning/tests/scrapWeb/hello-world/selenium/imaging/images/ay-Unions.jpg
identify1: JPEG 465x300
identify2: JPEG 465x300
imageExtension: jpg
imageWidth: 465 imageHeight: 300
PROCESSING: /usr/local/bin/convert /Users/pro001/Desktop/dev/Learning/tests/scrapWeb/hello-world/selenium/imaging/images/ay-Unions.jpg -resize 465x -gravity center -background white -extent 465x300 -crop 465x300 /Users/pro001/Desktop/dev/Learning/tests/scrapWeb/hello-world/selenium/imaging/images/ay-Unions.jpg



START book-Heir.jpguploaded
START imagePath /Users/pro001/Desktop/dev/Learning/tests/scrapWeb/hello-world/selenium/imaging/images/book-Heir.jpguploaded
identify1: JPEG 465x300
identify2: JPEG 465x300
imageExtension: jpg
imageWidth: 465 imageHeight: 300
WARNING: didUpload


START bruni-circular-thumbLarge-v3.jpguploaded
START imagePath /Users/pro001/Desktop/dev/Learning/tests/scrapWeb/hello-world/selenium/imaging/images/bruni-circular-thumbLarge-v3.jpguploaded
identify1: JPEG 465x300
identify2: JPEG 465x300
imageExtension: jpg
imageWidth: 465 imageHeight: 300
WARNING: didUpload


START bway-Cars.jpguploaded
START imagePath /Users/pro001/Desktop/dev/Learning/tests/scrapWeb/hello-world/selenium/imaging/images/bway-Cars.jpguploaded
identify1: JPEG 465x300
identify2: JPEG 465x300
imageExtension: jpg
imageWidth: 465 imageHeight: 300
WARNING: didUpload


START charge-AI.jpguploaded
START imagePath /Users/pro001/Desktop/dev/Learning/tests/scrapWeb/hello-world/selenium/imaging/images/charge-AI.jpguploaded
identify1: JPEG 465x300
identify2: JPEG 465x300
imageExtension: jpg
imageWidth: 465 imageHeight: 300
WARNING: didUpload


START cientists.jpguploaded
START imagePath /Users/pro001/Desktop/dev/Learning/tests/scrapWeb/hello-world/selenium/imaging/images/cientists.jpguploaded
identify1: JPEG 465x300
identify2: JPEG 465x300
imageExtension: jpg
imageWidth: 465 imageHeight: 300
WARNING: didUpload


START co-s-Life.jpguploaded
START imagePath /Users/pro001/Desktop/dev/Learning/tests/scrapWeb/hello-world/selenium/imaging/images/co-s-Life.jpguploaded
identify1: JPEG 465x300
identify2: JPEG 465x300
imageExtension: jpg
imageWidth: 465 imageHeight: 300
WARNING: didUpload


START day-gifts.jpguploaded
START imagePath /Users/pro001/Desktop/dev/Learning/tests/scrapWeb/hello-world/selenium/imaging/images/day-gifts.jpguploaded
identify1: JPEG 465x300
identify2: JPEG 465x300
imageExtension: jpg
imageWidth: 465 imageHeight: 300
WARNING: didUpload


START der-trial.jpguploaded
START imagePath /Users/pro001/Desktop/dev/Learning/tests/scrapWeb/hello-world/selenium/imaging/images/der-trial.jpguploaded
identify1: JPEG 465x300
identify2: JPEG 465x300
imageExtension: jpg
imageWidth: 465 imageHeight: 300
WARNING: didUpload


START e-Shadows.jpguploaded
START imagePath /Users/pro001/Desktop/dev/Learning/tests/scrapWeb/hello-world/selenium/imaging/images/e-Shadows.jpguploaded
identify1: JPEG 465x300
identify2: JPEG 465x300
imageExtension: jpg
imageWidth: 465 imageHeight: 300
WARNING: didUpload


START e-account.jpguploaded
START imagePath /Users/pro001/Desktop/dev/Learning/tests/scrapWeb/hello-world/selenium/imaging/images/e-account.jpguploaded
identify1: JPEG 465x300
identify2: JPEG 465x300
imageExtension: jpg
imageWidth: 465 imageHeight: 300
WARNING: didUpload


START echnology.jpguploaded
START imagePath /Users/pro001/Desktop/dev/Learning/tests/scrapWeb/hello-world/selenium/imaging/images/echnology.jpguploaded
identify1: JPEG 465x300
identify2: JPEG 465x300
imageExtension: jpg
imageWidth: 465 imageHeight: 300
WARNING: didUpload


START edication.jpguploaded
START imagePath /Users/pro001/Desktop/dev/Learning/tests/scrapWeb/hello-world/selenium/imaging/images/edication.jpguploaded
identify1: JPEG 465x300
identify2: JPEG 465x300
imageExtension: jpg
imageWidth: 465 imageHeight: 300
WARNING: didUpload


START eing-him.jpguploaded
START imagePath /Users/pro001/Desktop/dev/Learning/tests/scrapWeb/hello-world/selenium/imaging/images/eing-him.jpguploaded
identify1: JPEG 465x300
identify2: JPEG 465x300
imageExtension: jpg
imageWidth: 465 imageHeight: 300
WARNING: didUpload


START ek-Fandom.jpguploaded
START imagePath /Users/pro001/Desktop/dev/Learning/tests/scrapWeb/hello-world/selenium/imaging/images/ek-Fandom.jpguploaded
identify1: JPEG 465x300
identify2: JPEG 465x300
imageExtension: jpg
imageWidth: 465 imageHeight: 300
WARNING: didUpload


START ended-war.jpguploaded
START imagePath /Users/pro001/Desktop/dev/Learning/tests/scrapWeb/hello-world/selenium/imaging/images/ended-war.jpguploaded
identify1: JPEG 465x300
identify2: JPEG 465x300
imageExtension: jpg
imageWidth: 465 imageHeight: 300
WARNING: didUpload


START er-2--HD.jpguploaded
START imagePath /Users/pro001/Desktop/dev/Learning/tests/scrapWeb/hello-world/selenium/imaging/images/er-2--HD.jpguploaded
identify1: JPEG 465x300
identify2: JPEG 465x300
imageExtension: jpg
imageWidth: 465 imageHeight: 300
WARNING: didUpload


START es-Party.jpguploaded
START imagePath /Users/pro001/Desktop/dev/Learning/tests/scrapWeb/hello-world/selenium/imaging/images/es-Party.jpguploaded
identify1: JPEG 465x300
identify2: JPEG 465x300
imageExtension: jpg
imageWidth: 465 imageHeight: 300
WARNING: didUpload


START f-control.jpguploaded
START imagePath /Users/pro001/Desktop/dev/Learning/tests/scrapWeb/hello-world/selenium/imaging/images/f-control.jpguploaded
identify1: JPEG 465x300
identify2: JPEG 465x300
imageExtension: jpg
imageWidth: 465 imageHeight: 300
WARNING: didUpload


START fications.jpguploaded
START imagePath /Users/pro001/Desktop/dev/Learning/tests/scrapWeb/hello-world/selenium/imaging/images/fications.jpguploaded
identify1: JPEG 465x300
identify2: JPEG 465x300
imageExtension: jpg
imageWidth: 465 imageHeight: 300
WARNING: didUpload


START fighting.jpguploaded
START imagePath /Users/pro001/Desktop/dev/Learning/tests/scrapWeb/hello-world/selenium/imaging/images/fighting.jpguploaded
identify1: JPEG 465x300
identify2: JPEG 465x300
imageExtension: jpg
imageWidth: 465 imageHeight: 300
WARNING: didUpload


START firmation.jpguploaded
START imagePath /Users/pro001/Desktop/dev/Learning/tests/scrapWeb/hello-world/selenium/imaging/images/firmation.jpguploaded
identify1: JPEG 465x300
identify2: JPEG 465x300
imageExtension: jpg
imageWidth: 465 imageHeight: 300
WARNING: didUpload


START ght-Stays.jpguploaded
START imagePath /Users/pro001/Desktop/dev/Learning/tests/scrapWeb/hello-world/selenium/imaging/images/ght-Stays.jpguploaded
identify1: JPEG 465x300
identify2: JPEG 465x300
imageExtension: jpg
imageWidth: 465 imageHeight: 300
WARNING: didUpload


START go-zones.jpguploaded
START imagePath /Users/pro001/Desktop/dev/Learning/tests/scrapWeb/hello-world/selenium/imaging/images/go-zones.jpguploaded
identify1: JPEG 465x300
identify2: JPEG 465x300
imageExtension: jpg
imageWidth: 465 imageHeight: 300
WARNING: didUpload


START h-Wedding.jpguploaded
START imagePath /Users/pro001/Desktop/dev/Learning/tests/scrapWeb/hello-world/selenium/imaging/images/h-Wedding.jpguploaded
identify1: JPEG 465x300
identify2: JPEG 465x300
imageExtension: jpg
imageWidth: 465 imageHeight: 300
WARNING: didUpload


START h-leaders.jpguploaded
START imagePath /Users/pro001/Desktop/dev/Learning/tests/scrapWeb/hello-world/selenium/imaging/images/h-leaders.jpguploaded
identify1: JPEG 620x372
identify2: JPEG 620x372
imageExtension: jpg
imageWidth: 620 imageHeight: 372
WARNING: didUpload


START hat-Bass.jpg
START imagePath /Users/pro001/Desktop/dev/Learning/tests/scrapWeb/hello-world/selenium/imaging/images/hat-Bass.jpg
identify1: JPEG 465x300
identify2: JPEG 465x300
imageExtension: jpg
imageWidth: 465 imageHeight: 300
PROCESSING: /usr/local/bin/convert /Users/pro001/Desktop/dev/Learning/tests/scrapWeb/hello-world/selenium/imaging/images/hat-Bass.jpg -resize 465x -gravity center -background white -extent 465x300 -crop 465x300 /Users/pro001/Desktop/dev/Learning/tests/scrapWeb/hello-world/selenium/imaging/images/hat-Bass.jpg



START he-Mentor.jpguploaded
START imagePath /Users/pro001/Desktop/dev/Learning/tests/scrapWeb/hello-world/selenium/imaging/images/he-Mentor.jpguploaded
identify1: JPEG 465x300
identify2: JPEG 465x300
imageExtension: jpg
imageWidth: 465 imageHeight: 300
WARNING: didUpload


START hion-Week.jpguploaded
START imagePath /Users/pro001/Desktop/dev/Learning/tests/scrapWeb/hello-world/selenium/imaging/images/hion-Week.jpguploaded
identify1: JPEG 465x300
identify2: JPEG 465x300
imageExtension: jpg
imageWidth: 465 imageHeight: 300
WARNING: didUpload


START id-Crisis.jpguploaded
START imagePath /Users/pro001/Desktop/dev/Learning/tests/scrapWeb/hello-world/selenium/imaging/images/id-Crisis.jpguploaded
identify1: JPEG 600x470
identify2: JPEG 600x470
imageExtension: jpg
imageWidth: 600 imageHeight: 470
WARNING: didUpload


START ie-Hunter.jpguploaded
START imagePath /Users/pro001/Desktop/dev/Learning/tests/scrapWeb/hello-world/selenium/imaging/images/ie-Hunter.jpguploaded
identify1: JPEG 465x300
identify2: JPEG 465x300
imageExtension: jpg
imageWidth: 465 imageHeight: 300
WARNING: didUpload


START ie-Mashup.jpguploaded
START imagePath /Users/pro001/Desktop/dev/Learning/tests/scrapWeb/hello-world/selenium/imaging/images/ie-Mashup.jpguploaded
identify1: JPEG 320x180
identify2: JPEG 320x180
imageExtension: jpg
imageWidth: 320 imageHeight: 180
WARNING: didUpload


START ie-Review.jpguploaded
START imagePath /Users/pro001/Desktop/dev/Learning/tests/scrapWeb/hello-world/selenium/imaging/images/ie-Review.jpguploaded
identify1: JPEG 465x300
identify2: JPEG 465x300
imageExtension: jpg
imageWidth: 465 imageHeight: 300
WARNING: didUpload


START iend-says.jpguploaded
START imagePath /Users/pro001/Desktop/dev/Learning/tests/scrapWeb/hello-world/selenium/imaging/images/iend-says.jpguploaded
identify1: JPEG 640x360
identify2: JPEG 640x360
imageExtension: jpg
imageWidth: 640 imageHeight: 360
WARNING: didUpload


START ies-at-58.jpguploaded
START imagePath /Users/pro001/Desktop/dev/Learning/tests/scrapWeb/hello-world/selenium/imaging/images/ies-at-58.jpguploaded
identify1: JPEG 465x300
identify2: JPEG 465x300
imageExtension: jpg
imageWidth: 465 imageHeight: 300
WARNING: didUpload


START ila-Kunis.jpg
START imagePath /Users/pro001/Desktop/dev/Learning/tests/scrapWeb/hello-world/selenium/imaging/images/ila-Kunis.jpg
identify1: JPEG 465x300
identify2: JPEG 465x300
imageExtension: jpg
imageWidth: 465 imageHeight: 300
PROCESSING: /usr/local/bin/convert /Users/pro001/Desktop/dev/Learning/tests/scrapWeb/hello-world/selenium/imaging/images/ila-Kunis.jpg -resize 465x -gravity center -background white -extent 465x300 -crop 465x300 /Users/pro001/Desktop/dev/Learning/tests/scrapWeb/hello-world/selenium/imaging/images/ila-Kunis.jpg



START imageProcessor.sh
START imagePath /Users/pro001/Desktop/dev/Learning/tests/scrapWeb/hello-world/selenium/imaging/images/imageProcessor.sh
identify1: 
identify2: 
imageExtension: 
imageWidth:  imageHeight: 
error imageWidth: imageHeight:


START immilgram.jpguploaded
START imagePath /Users/pro001/Desktop/dev/Learning/tests/scrapWeb/hello-world/selenium/imaging/images/immilgram.jpguploaded
identify1: JPEG 465x300
identify2: JPEG 465x300
imageExtension: 
imageWidth: 465 imageHeight: 300
WARNING: didUpload


START in-Hannah.jpg
START imagePath /Users/pro001/Desktop/dev/Learning/tests/scrapWeb/hello-world/selenium/imaging/images/in-Hannah.jpg
identify1: JPEG 465x300
identify2: JPEG 465x300
imageExtension: jpg
imageWidth: 465 imageHeight: 300
PROCESSING: /usr/local/bin/convert /Users/pro001/Desktop/dev/Learning/tests/scrapWeb/hello-world/selenium/imaging/images/in-Hannah.jpg -resize 465x -gravity center -background white -extent 465x300 -crop 465x300 /Users/pro001/Desktop/dev/Learning/tests/scrapWeb/hello-world/selenium/imaging/images/in-Hannah.jpg



START intensify.jpg
START imagePath /Users/pro001/Desktop/dev/Learning/tests/scrapWeb/hello-world/selenium/imaging/images/intensify.jpg
identify1: JPEG 620x372
identify2: JPEG 620x372
imageExtension: jpg
imageWidth: 620 imageHeight: 372
PROCESSING: /usr/local/bin/convert /Users/pro001/Desktop/dev/Learning/tests/scrapWeb/hello-world/selenium/imaging/images/intensify.jpg -resize 465x -gravity center -background white -extent 465x300 -crop 465x300 /Users/pro001/Desktop/dev/Learning/tests/scrapWeb/hello-world/selenium/imaging/images/intensify.jpg



START ipe-Right.jpguploaded
START imagePath /Users/pro001/Desktop/dev/Learning/tests/scrapWeb/hello-world/selenium/imaging/images/ipe-Right.jpguploaded
identify1: JPEG 570x353
identify2: JPEG 570x353
imageExtension: jpg
imageWidth: 570 imageHeight: 353
WARNING: didUpload


START irst-Lady.jpguploaded
START imagePath /Users/pro001/Desktop/dev/Learning/tests/scrapWeb/hello-world/selenium/imaging/images/irst-Lady.jpguploaded
identify1: JPEG 465x300
identify2: JPEG 465x300
imageExtension: jpg
imageWidth: 465 imageHeight: 300
WARNING: didUpload


START islatures.jpguploaded
START imagePath /Users/pro001/Desktop/dev/Learning/tests/scrapWeb/hello-world/selenium/imaging/images/islatures.jpguploaded
identify1: JPEG 465x300
identify2: JPEG 465x300
imageExtension: jpg
imageWidth: 465 imageHeight: 300
WARNING: didUpload


START lionaires.jpguploaded
START imagePath /Users/pro001/Desktop/dev/Learning/tests/scrapWeb/hello-world/selenium/imaging/images/lionaires.jpguploaded
identify1: JPEG 465x300
identify2: JPEG 465x300
imageExtension: jpg
imageWidth: 465 imageHeight: 300
WARNING: didUpload


START logs
START imagePath /Users/pro001/Desktop/dev/Learning/tests/scrapWeb/hello-world/selenium/imaging/images/logs
identify1: 
identify2: 
imageExtension: 
imageWidth:  imageHeight: 
error imageWidth: imageHeight:


START ls-Emerge.jpguploaded
START imagePath /Users/pro001/Desktop/dev/Learning/tests/scrapWeb/hello-world/selenium/imaging/images/ls-Emerge.jpguploaded
identify1: JPEG 465x300
identify2: JPEG 465x300
imageExtension: 
imageWidth: 465 imageHeight: 300
WARNING: didUpload


START n----7-2M.jpguploaded
START imagePath /Users/pro001/Desktop/dev/Learning/tests/scrapWeb/hello-world/selenium/imaging/images/n----7-2M.jpguploaded
identify1: JPEG 465x300
identify2: JPEG 465x300
imageExtension: 
imageWidth: 465 imageHeight: 300
WARNING: didUpload


START n-Bolivia.jpguploaded
START imagePath /Users/pro001/Desktop/dev/Learning/tests/scrapWeb/hello-world/selenium/imaging/images/n-Bolivia.jpguploaded
identify1: JPEG 465x300
identify2: JPEG 465x300
imageExtension: 
imageWidth: 465 imageHeight: 300
WARNING: didUpload


START n-Ukraine.jpguploaded
START imagePath /Users/pro001/Desktop/dev/Learning/tests/scrapWeb/hello-world/selenium/imaging/images/n-Ukraine.jpguploaded
identify1: JPEG 465x300
identify2: JPEG 465x300
imageExtension: 
imageWidth: 465 imageHeight: 300
WARNING: didUpload


START n-scandal.jpguploaded
START imagePath /Users/pro001/Desktop/dev/Learning/tests/scrapWeb/hello-world/selenium/imaging/images/n-scandal.jpguploaded
identify1: JPEG 620x372
identify2: JPEG 620x372
imageExtension: 
imageWidth: 620 imageHeight: 372
WARNING: didUpload


START nd-Leeway.jpguploaded
START imagePath /Users/pro001/Desktop/dev/Learning/tests/scrapWeb/hello-world/selenium/imaging/images/nd-Leeway.jpguploaded
identify1: JPEG 465x300
identify2: JPEG 465x300
imageExtension: 
imageWidth: 465 imageHeight: 300
WARNING: didUpload


START nd-Of-Man.jpguploaded
START imagePath /Users/pro001/Desktop/dev/Learning/tests/scrapWeb/hello-world/selenium/imaging/images/nd-Of-Man.jpguploaded
identify1: JPEG 465x300
identify2: JPEG 465x300
imageExtension: 
imageWidth: 465 imageHeight: 300
WARNING: didUpload


START nd-Police.jpguploaded
START imagePath /Users/pro001/Desktop/dev/Learning/tests/scrapWeb/hello-world/selenium/imaging/images/nd-Police.jpguploaded
identify1: JPEG 465x300
identify2: JPEG 465x300
imageExtension: 
imageWidth: 465 imageHeight: 300
WARNING: didUpload


START ng-Damage.jpguploaded
START imagePath /Users/pro001/Desktop/dev/Learning/tests/scrapWeb/hello-world/selenium/imaging/images/ng-Damage.jpguploaded
identify1: JPEG 465x300
identify2: JPEG 465x300
imageExtension: 
imageWidth: 465 imageHeight: 300
WARNING: didUpload


START ng-Dildos.jpg
START imagePath /Users/pro001/Desktop/dev/Learning/tests/scrapWeb/hello-world/selenium/imaging/images/ng-Dildos.jpg
identify1: JPEG 465x300
identify2: JPEG 465x300
imageExtension: jpg
imageWidth: 465 imageHeight: 300
PROCESSING: /usr/local/bin/convert /Users/pro001/Desktop/dev/Learning/tests/scrapWeb/hello-world/selenium/imaging/images/ng-Dildos.jpg -resize 465x -gravity center -background white -extent 465x300 -crop 465x300 /Users/pro001/Desktop/dev/Learning/tests/scrapWeb/hello-world/selenium/imaging/images/ng-Dildos.jpg



START nne-Tyler.jpguploaded
START imagePath /Users/pro001/Desktop/dev/Learning/tests/scrapWeb/hello-world/selenium/imaging/images/nne-Tyler.jpguploaded
identify1: JPEG 465x300
identify2: JPEG 465x300
imageExtension: jpg
imageWidth: 465 imageHeight: 300
WARNING: didUpload


START nt-Design.jpguploaded
START imagePath /Users/pro001/Desktop/dev/Learning/tests/scrapWeb/hello-world/selenium/imaging/images/nt-Design.jpguploaded
identify1: JPEG 465x300
identify2: JPEG 465x300
imageExtension: jpg
imageWidth: 465 imageHeight: 300
WARNING: didUpload


START o-Twitter.jpguploaded
START imagePath /Users/pro001/Desktop/dev/Learning/tests/scrapWeb/hello-world/selenium/imaging/images/o-Twitter.jpguploaded
identify1: JPEG 465x300
identify2: JPEG 465x300
imageExtension: jpg
imageWidth: 465 imageHeight: 300
WARNING: didUpload


START od-Stamps.jpguploaded
START imagePath /Users/pro001/Desktop/dev/Learning/tests/scrapWeb/hello-world/selenium/imaging/images/od-Stamps.jpguploaded
identify1: JPEG 465x300
identify2: JPEG 465x300
imageExtension: jpg
imageWidth: 465 imageHeight: 300
WARNING: didUpload


START on-Videos.jpguploaded
START imagePath /Users/pro001/Desktop/dev/Learning/tests/scrapWeb/hello-world/selenium/imaging/images/on-Videos.jpguploaded
identify1: JPEG 465x300
identify2: JPEG 465x300
imageExtension: jpg
imageWidth: 465 imageHeight: 300
WARNING: didUpload


START ons-begin.jpguploaded
START imagePath /Users/pro001/Desktop/dev/Learning/tests/scrapWeb/hello-world/selenium/imaging/images/ons-begin.jpguploaded
identify1: JPEG 465x300
identify2: JPEG 465x300
imageExtension: jpg
imageWidth: 465 imageHeight: 300
WARNING: didUpload


START or-a-Spin.jpguploaded
START imagePath /Users/pro001/Desktop/dev/Learning/tests/scrapWeb/hello-world/selenium/imaging/images/or-a-Spin.jpguploaded
identify1: JPEG 660x491
identify2: JPEG 660x491
imageExtension: jpg
imageWidth: 660 imageHeight: 491
WARNING: didUpload


START overnment.jpguploaded
START imagePath /Users/pro001/Desktop/dev/Learning/tests/scrapWeb/hello-world/selenium/imaging/images/overnment.jpguploaded
identify1: JPEG 465x300
identify2: JPEG 465x300
imageExtension: jpg
imageWidth: 465 imageHeight: 300
WARNING: didUpload


START r-s-Guide.jpguploaded
START imagePath /Users/pro001/Desktop/dev/Learning/tests/scrapWeb/hello-world/selenium/imaging/images/r-s-Guide.jpguploaded
identify1: JPEG 220x124
identify2: JPEG 220x124
imageExtension: jpg
imageWidth: 220 imageHeight: 124
WARNING: didUpload


START reme-cold.jpg
START imagePath /Users/pro001/Desktop/dev/Learning/tests/scrapWeb/hello-world/selenium/imaging/images/reme-cold.jpg
identify1: JPEG 620x372
identify2: JPEG 620x372
imageExtension: jpg
imageWidth: 620 imageHeight: 372
PROCESSING: /usr/local/bin/convert /Users/pro001/Desktop/dev/Learning/tests/scrapWeb/hello-world/selenium/imaging/images/reme-cold.jpg -resize 465x -gravity center -background white -extent 465x300 -crop 465x300 /Users/pro001/Desktop/dev/Learning/tests/scrapWeb/hello-world/selenium/imaging/images/reme-cold.jpg



START rlin-Wallcopy.jpg
START imagePath /Users/pro001/Desktop/dev/Learning/tests/scrapWeb/hello-world/selenium/imaging/images/rlin-Wallcopy.jpg
identify1: JPEG 465x300
identify2: JPEG 465x300
imageExtension: jpg
imageWidth: 465 imageHeight: 300
PROCESSING: /usr/local/bin/convert /Users/pro001/Desktop/dev/Learning/tests/scrapWeb/hello-world/selenium/imaging/images/rlin-Wallcopy.jpg -resize 465x -gravity center -background white -extent 465x300 -crop 465x300 /Users/pro001/Desktop/dev/Learning/tests/scrapWeb/hello-world/selenium/imaging/images/rlin-Wallcopy.jpg



START rsonality.jpguploaded
START imagePath /Users/pro001/Desktop/dev/Learning/tests/scrapWeb/hello-world/selenium/imaging/images/rsonality.jpguploaded
identify1: JPEG 465x300
identify2: JPEG 465x300
imageExtension: jpg
imageWidth: 465 imageHeight: 300
WARNING: didUpload


START rt-of-Law.jpg
START imagePath /Users/pro001/Desktop/dev/Learning/tests/scrapWeb/hello-world/selenium/imaging/images/rt-of-Law.jpg
identify1: JPEG 465x300
identify2: JPEG 465x300
imageExtension: jpg
imageWidth: 465 imageHeight: 300
PROCESSING: /usr/local/bin/convert /Users/pro001/Desktop/dev/Learning/tests/scrapWeb/hello-world/selenium/imaging/images/rt-of-Law.jpg -resize 465x -gravity center -background white -extent 465x300 -crop 465x300 /Users/pro001/Desktop/dev/Learning/tests/scrapWeb/hello-world/selenium/imaging/images/rt-of-Law.jpg



START s--Health.jpguploaded
START imagePath /Users/pro001/Desktop/dev/Learning/tests/scrapWeb/hello-world/selenium/imaging/images/s--Health.jpguploaded
identify1: JPEG 465x300
identify2: JPEG 465x300
imageExtension: jpg
imageWidth: 465 imageHeight: 300
WARNING: didUpload


START s-America.jpg
START imagePath /Users/pro001/Desktop/dev/Learning/tests/scrapWeb/hello-world/selenium/imaging/images/s-America.jpg
identify1: JPEG 465x300
identify2: JPEG 465x300
imageExtension: jpg
imageWidth: 465 imageHeight: 300
PROCESSING: /usr/local/bin/convert /Users/pro001/Desktop/dev/Learning/tests/scrapWeb/hello-world/selenium/imaging/images/s-America.jpg -resize 465x -gravity center -background white -extent 465x300 -crop 465x300 /Users/pro001/Desktop/dev/Learning/tests/scrapWeb/hello-world/selenium/imaging/images/s-America.jpg



START s-Barkley.jpguploaded
START imagePath /Users/pro001/Desktop/dev/Learning/tests/scrapWeb/hello-world/selenium/imaging/images/s-Barkley.jpguploaded
identify1: JPEG 465x300
identify2: JPEG 465x300
imageExtension: jpg
imageWidth: 465 imageHeight: 300
WARNING: didUpload


START s-To-Weed.jpguploaded
START imagePath /Users/pro001/Desktop/dev/Learning/tests/scrapWeb/hello-world/selenium/imaging/images/s-To-Weed.jpguploaded
identify1: JPEG 465x300
identify2: JPEG 465x300
imageExtension: jpg
imageWidth: 465 imageHeight: 300
WARNING: didUpload


START s-of-Dull.jpguploaded
START imagePath /Users/pro001/Desktop/dev/Learning/tests/scrapWeb/hello-world/selenium/imaging/images/s-of-Dull.jpguploaded
identify1: JPEG 465x300
identify2: JPEG 465x300
imageExtension: jpg
imageWidth: 465 imageHeight: 300
WARNING: didUpload


START s-of-Love.jpguploaded
START imagePath /Users/pro001/Desktop/dev/Learning/tests/scrapWeb/hello-world/selenium/imaging/images/s-of-Love.jpguploaded
identify1: JPEG 570x363
identify2: JPEG 570x363
imageExtension: jpg
imageWidth: 570 imageHeight: 363
WARNING: didUpload


START s-selfish.jpguploaded
START imagePath /Users/pro001/Desktop/dev/Learning/tests/scrapWeb/hello-world/selenium/imaging/images/s-selfish.jpguploaded
identify1: JPEG 465x300
identify2: JPEG 465x300
imageExtension: jpg
imageWidth: 465 imageHeight: 300
WARNING: didUpload


START sit-to-uk.jpguploaded
START imagePath /Users/pro001/Desktop/dev/Learning/tests/scrapWeb/hello-world/selenium/imaging/images/sit-to-uk.jpguploaded
identify1: JPEG 465x300
identify2: JPEG 465x300
imageExtension: jpg
imageWidth: 465 imageHeight: 300
WARNING: didUpload


START stigation.jpguploaded
START imagePath /Users/pro001/Desktop/dev/Learning/tests/scrapWeb/hello-world/selenium/imaging/images/stigation.jpguploaded
identify1: JPEG 465x300
identify2: JPEG 465x300
imageExtension: jpg
imageWidth: 465 imageHeight: 300
WARNING: didUpload


START syelliott.jpguploaded
START imagePath /Users/pro001/Desktop/dev/Learning/tests/scrapWeb/hello-world/selenium/imaging/images/syelliott.jpguploaded
identify1: JPEG 465x300
identify2: JPEG 465x300
imageExtension: jpg
imageWidth: 465 imageHeight: 300
WARNING: didUpload


START t--Return.jpguploaded
START imagePath /Users/pro001/Desktop/dev/Learning/tests/scrapWeb/hello-world/selenium/imaging/images/t--Return.jpguploaded
identify1: JPEG 465x300
identify2: JPEG 465x300
imageExtension: jpg
imageWidth: 465 imageHeight: 300
WARNING: didUpload


START t-Service.jpguploaded
START imagePath /Users/pro001/Desktop/dev/Learning/tests/scrapWeb/hello-world/selenium/imaging/images/t-Service.jpguploaded
identify1: JPEG 465x300
identify2: JPEG 465x300
imageExtension: jpg
imageWidth: 465 imageHeight: 300
WARNING: didUpload


START thout-Pay.jpguploaded
START imagePath /Users/pro001/Desktop/dev/Learning/tests/scrapWeb/hello-world/selenium/imaging/images/thout-Pay.jpguploaded
identify1: JPEG 465x300
identify2: JPEG 465x300
imageExtension: jpg
imageWidth: 465 imageHeight: 300
WARNING: didUpload


START ting-plot.jpguploaded
START imagePath /Users/pro001/Desktop/dev/Learning/tests/scrapWeb/hello-world/selenium/imaging/images/ting-plot.jpguploaded
identify1: JPEG 620x372
identify2: JPEG 620x372
imageExtension: jpg
imageWidth: 620 imageHeight: 372
WARNING: didUpload


START tire-Room.jpguploaded
START imagePath /Users/pro001/Desktop/dev/Learning/tests/scrapWeb/hello-world/selenium/imaging/images/tire-Room.jpguploaded
identify1: JPEG 465x300
identify2: JPEG 465x300
imageExtension: jpg
imageWidth: 465 imageHeight: 300
WARNING: didUpload


START to-Movies.jpguploaded
START imagePath /Users/pro001/Desktop/dev/Learning/tests/scrapWeb/hello-world/selenium/imaging/images/to-Movies.jpguploaded
identify1: JPEG 465x300
identify2: JPEG 465x300
imageExtension: jpg
imageWidth: 465 imageHeight: 300
WARNING: didUpload


START to-church.jpguploaded
START imagePath /Users/pro001/Desktop/dev/Learning/tests/scrapWeb/hello-world/selenium/imaging/images/to-church.jpguploaded
identify1: JPEG 465x300
identify2: JPEG 465x300
imageExtension: jpg
imageWidth: 465 imageHeight: 300
WARNING: didUpload


START to-threat.jpguploaded
START imagePath /Users/pro001/Desktop/dev/Learning/tests/scrapWeb/hello-world/selenium/imaging/images/to-threat.jpguploaded
identify1: JPEG 465x300
identify2: JPEG 465x300
imageExtension: jpg
imageWidth: 465 imageHeight: 300
WARNING: didUpload


START trategist.jpguploaded
START imagePath /Users/pro001/Desktop/dev/Learning/tests/scrapWeb/hello-world/selenium/imaging/images/trategist.jpguploaded
identify1: JPEG 465x300
identify2: JPEG 465x300
imageExtension: jpg
imageWidth: 465 imageHeight: 300
WARNING: didUpload


START udy-Finds.jpguploaded
START imagePath /Users/pro001/Desktop/dev/Learning/tests/scrapWeb/hello-world/selenium/imaging/images/udy-Finds.jpguploaded
identify1: JPEG 465x300
identify2: JPEG 465x300
imageExtension: jpg
imageWidth: 465 imageHeight: 300
WARNING: didUpload


START ugar.jpguploaded
START imagePath /Users/pro001/Desktop/dev/Learning/tests/scrapWeb/hello-world/selenium/imaging/images/ugar.jpguploaded
identify1: JPEG 465x300
identify2: JPEG 465x300
imageExtension: jpg
imageWidth: 465 imageHeight: 300
WARNING: didUpload


START ull-Video.jpg
START imagePath /Users/pro001/Desktop/dev/Learning/tests/scrapWeb/hello-world/selenium/imaging/images/ull-Video.jpg
identify1: JPEG 320x180
identify2: JPEG 320x180
imageExtension: jpg
imageWidth: 320 imageHeight: 180
PROCESSING: /usr/local/bin/convert /Users/pro001/Desktop/dev/Learning/tests/scrapWeb/hello-world/selenium/imaging/images/ull-Video.jpg -resize 465x -gravity center -background white -extent 465x300 -crop 465x300 /Users/pro001/Desktop/dev/Learning/tests/scrapWeb/hello-world/selenium/imaging/images/ull-Video.jpg



START val-Buyer.jpguploaded
START imagePath /Users/pro001/Desktop/dev/Learning/tests/scrapWeb/hello-world/selenium/imaging/images/val-Buyer.jpguploaded
identify1: JPEG 465x300
identify2: JPEG 465x300
imageExtension: jpg
imageWidth: 465 imageHeight: 300
WARNING: didUpload


START ving-Cars.jpguploaded
START imagePath /Users/pro001/Desktop/dev/Learning/tests/scrapWeb/hello-world/selenium/imaging/images/ving-Cars.jpguploaded
identify1: JPEG 465x300
identify2: JPEG 465x300
imageExtension: jpg
imageWidth: 465 imageHeight: 300
WARNING: didUpload


START w---Again.jpguploaded
START imagePath /Users/pro001/Desktop/dev/Learning/tests/scrapWeb/hello-world/selenium/imaging/images/w---Again.jpguploaded
identify1: JPEG 465x300
identify2: JPEG 465x300
imageExtension: jpg
imageWidth: 465 imageHeight: 300
WARNING: didUpload
